Using pre-set license
Built from '2020.3/staging' branch; Version is '2020.3.6f1 (338bb68529b2) revision 3378102'; Using compiler version '192528614'; Build Type 'Release'
OS: 'Windows 10 Home; OS build 22000.434; Version 2009; 64bit' Language: 'en' Physical Memory: 32715 MB
BatchMode: 1, IsHumanControllingUs: 0, StartBugReporterOnCrash: 0, Is64bit: 1, IsPro: 0

 COMMAND LINE ARGUMENTS:
C:\Program Files\Unity\Hub\Editor\2020.3.6f1\Editor\Unity.exe
-adb2
-batchMode
-noUpm
-name
AssetImportWorker3
-projectPath
D:/GGJ2022
-logFile
Logs/AssetImportWorker3.log
-srvPort
50145
Successfully changed project path to: D:/GGJ2022
D:/GGJ2022
Using Asset Import Pipeline V2.
Refreshing native plugins compatible for Editor in 92.82 ms, found 1 plugins.
Preloading 0 native plugins for Editor in 0.00 ms.
Initialize engine version: 2020.3.6f1 (338bb68529b2)
[Subsystems] Discovering subsystems at path C:/Program Files/Unity/Hub/Editor/2020.3.6f1/Editor/Data/Resources/UnitySubsystems
[Subsystems] Discovering subsystems at path D:/GGJ2022/Assets
GfxDevice: creating device client; threaded=0
Direct3D:
    Version:  Direct3D 11.0 [level 11.1]
    Renderer: NVIDIA GeForce GTX 1650 (ID=0x1f82)
    Vendor:   
    VRAM:     3962 MB
    Driver:   30.0.14.9676
Initialize mono
Mono path[0] = 'C:/Program Files/Unity/Hub/Editor/2020.3.6f1/Editor/Data/Managed'
Mono path[1] = 'C:/Program Files/Unity/Hub/Editor/2020.3.6f1/Editor/Data/MonoBleedingEdge/lib/mono/unityjit'
Mono config path = 'C:/Program Files/Unity/Hub/Editor/2020.3.6f1/Editor/Data/MonoBleedingEdge/etc'
Using monoOptions --debugger-agent=transport=dt_socket,embedding=1,server=y,suspend=n,address=127.0.0.1:56180
Begin MonoManager ReloadAssembly
Registering precompiled unity dll's ...
Register platform support module: C:/Program Files/Unity/Hub/Editor/2020.3.6f1/Editor/Data/PlaybackEngines/WindowsStandaloneSupport/UnityEditor.WindowsStandalone.Extensions.dll
Registered in 0.001924 seconds.
Native extension for WindowsStandalone target not found
Refreshing native plugins compatible for Editor in 79.42 ms, found 1 plugins.
Preloading 0 native plugins for Editor in 0.00 ms.
Mono: successfully reloaded assembly
- Completed reload, in  2.660 seconds
Platform modules already initialized, skipping
Registering precompiled user dll's ...
Registered in 0.003869 seconds.
Begin MonoManager ReloadAssembly
Native extension for WindowsStandalone target not found
Refreshing native plugins compatible for Editor in 86.13 ms, found 1 plugins.
Preloading 0 native plugins for Editor in 0.00 ms.
Refreshing native plugins compatible for Editor in 1.23 ms, found 1 plugins.
Mono: successfully reloaded assembly
- Completed reload, in  6.482 seconds
Platform modules already initialized, skipping
========================================================================
Worker process is ready to serve import requests
Shader 'Universal Render Pipeline/Particles/Lit': fallback shader 'Universal Render Pipeline/Particles/SimpleLit' not found
Shader 'Universal Render Pipeline/Particles/Lit': fallback shader 'Universal Render Pipeline/Particles/SimpleLit' not found
Launched and connected shader compiler UnityShaderCompiler.exe after 0.11 seconds
Refreshing native plugins compatible for Editor in 1.03 ms, found 1 plugins.
Preloading 0 native plugins for Editor in 0.00 ms.
Unloading 3404 Unused Serialized files (Serialized files now loaded: 0)
System memory in use before: 147.9 MB.
System memory in use after: 144.2 MB.

Unloading 112 unused Assets to reduce memory usage. Loaded Objects now: 3753.
Total: 6.921300 ms (FindLiveObjects: 0.592100 ms CreateObjectMapping: 0.156600 ms MarkObjects: 3.919400 ms  DeleteObjects: 2.251300 ms)

========================================================================
Received Prepare
Registering precompiled user dll's ...
Registered in 0.003871 seconds.
Begin MonoManager ReloadAssembly
Native extension for WindowsStandalone target not found
Refreshing native plugins compatible for Editor in 1.28 ms, found 1 plugins.
Preloading 0 native plugins for Editor in 0.00 ms.
Mono: successfully reloaded assembly
- Completed reload, in  1.827 seconds
Platform modules already initialized, skipping
Switching build target platform(5) subTarget(0) extendedPlatform(0) -> platform(13) subTarget(537395200) extendedPlatform(0)
Shader 'Universal Render Pipeline/Particles/Lit': fallback shader 'Universal Render Pipeline/Particles/SimpleLit' not found
Shader 'Universal Render Pipeline/Particles/Lit': fallback shader 'Universal Render Pipeline/Particles/SimpleLit' not found
Refreshing native plugins compatible for Editor in 1.28 ms, found 1 plugins.
Preloading 0 native plugins for Editor in 0.00 ms.
Unloading 3352 Unused Serialized files (Serialized files now loaded: 0)
System memory in use before: 143.1 MB.
System memory in use after: 139.4 MB.

Unloading 106 unused Assets to reduce memory usage. Loaded Objects now: 3756.
Total: 6.373300 ms (FindLiveObjects: 0.419700 ms CreateObjectMapping: 0.112000 ms MarkObjects: 3.729400 ms  DeleteObjects: 2.110900 ms)

AssetImportParameters requested are different than current active one (requested -> active):
  custom:graphics/normal-map-encoding: 01000000000000000000000000000000 -> 02000000000000000000000000000000
========================================================================
Received Import Request.
  path: Assets/Resources/Prefabs/Enemy Card.prefab
  artifactKey: Guid(cc1592b60f884c34f9002199d323d8dc) Importer(815301076,1909f56bfc062723c751e8b465ee728b)
Start importing Assets/Resources/Prefabs/Enemy Card.prefab using Guid(cc1592b60f884c34f9002199d323d8dc) Importer(815301076,1909f56bfc062723c751e8b465ee728b)  -> (artifact id: '38ad147047ee6220abd73816ba77a04f') in 0.376032 seconds
  Import took 0.415877 seconds .

========================================================================
Received Import Request.
  Time since last request: 0.000312 seconds.
  path: Assets/Resources/Prefabs/Event Card.prefab
  artifactKey: Guid(db00021919b4fa4448f258a63dcaf049) Importer(815301076,1909f56bfc062723c751e8b465ee728b)
Start importing Assets/Resources/Prefabs/Event Card.prefab using Guid(db00021919b4fa4448f258a63dcaf049) Importer(815301076,1909f56bfc062723c751e8b465ee728b)  -> (artifact id: '718070dafb93140f433f978d15f2ce4b') in 0.038871 seconds
  Import took 0.059275 seconds .

========================================================================
Received Import Request.
  Time since last request: 0.000215 seconds.
  path: Assets/Resources/Prefabs/Item Card.prefab
  artifactKey: Guid(0839e93c4fc10324f9652f173b96e9cc) Importer(815301076,1909f56bfc062723c751e8b465ee728b)
Start importing Assets/Resources/Prefabs/Item Card.prefab using Guid(0839e93c4fc10324f9652f173b96e9cc) Importer(815301076,1909f56bfc062723c751e8b465ee728b)  -> (artifact id: '9edc5d191702c5fc02301a9e7a9c920d') in 0.036234 seconds
  Import took 0.043022 seconds .

========================================================================
Received Import Request.
  Time since last request: 62.850251 seconds.
  path: Assets/Resources/ScriptableObjects/Cards
  artifactKey: Guid(03086b52b8c2ff24fb9673ba4b7114f5) Importer(815301076,1909f56bfc062723c751e8b465ee728b)
Start importing Assets/Resources/ScriptableObjects/Cards using Guid(03086b52b8c2ff24fb9673ba4b7114f5) Importer(815301076,1909f56bfc062723c751e8b465ee728b)  -> (artifact id: 'bd5994ec9ae256be6883d1b8a6aa9bb3') in 0.011704 seconds
  Import took 0.036369 seconds .

========================================================================
Received Import Request.
  Time since last request: 0.001713 seconds.
  path: Assets/Resources/ScriptableObjects/Cards
  artifactKey: Guid(03086b52b8c2ff24fb9673ba4b7114f5) Importer(815301076,1909f56bfc062723c751e8b465ee728b)
Start importing Assets/Resources/ScriptableObjects/Cards using Guid(03086b52b8c2ff24fb9673ba4b7114f5) Importer(815301076,1909f56bfc062723c751e8b465ee728b)  -> (artifact id: 'bd5994ec9ae256be6883d1b8a6aa9bb3') in 0.004375 seconds
  Import took 0.009971 seconds .

========================================================================
Received Import Request.
  Time since last request: 4.205640 seconds.
  path: Assets/Resources/ScriptableObjects/Decks
  artifactKey: Guid(23ec7743bf6322c4a90ffbc8e039d2aa) Importer(815301076,1909f56bfc062723c751e8b465ee728b)
Start importing Assets/Resources/ScriptableObjects/Decks using Guid(23ec7743bf6322c4a90ffbc8e039d2aa) Importer(815301076,1909f56bfc062723c751e8b465ee728b)  -> (artifact id: '748812b9f484a1af2e23d13e6e8747a6') in 0.010927 seconds
  Import took 0.026053 seconds .

========================================================================
Received Import Request.
  Time since last request: 0.007772 seconds.
  path: Assets/Resources/ScriptableObjects/Decks
  artifactKey: Guid(23ec7743bf6322c4a90ffbc8e039d2aa) Importer(815301076,1909f56bfc062723c751e8b465ee728b)
Start importing Assets/Resources/ScriptableObjects/Decks using Guid(23ec7743bf6322c4a90ffbc8e039d2aa) Importer(815301076,1909f56bfc062723c751e8b465ee728b)  -> (artifact id: '748812b9f484a1af2e23d13e6e8747a6') in 0.019107 seconds
  Import took 0.025077 seconds .

========================================================================
Received Import Request.
  Time since last request: 146.246288 seconds.
  path: Assets/Scripts/Deck.cs
  artifactKey: Guid(72835a3ddc6a0c3488c2fe4ea8830c9a) Importer(815301076,1909f56bfc062723c751e8b465ee728b)
Start importing Assets/Scripts/Deck.cs using Guid(72835a3ddc6a0c3488c2fe4ea8830c9a) Importer(815301076,1909f56bfc062723c751e8b465ee728b)  -> (artifact id: '56bfa2a97ce4f9105bd403d6e6b44d1e') in 0.014413 seconds
  Import took 0.019953 seconds .

========================================================================
Received Prepare
Registering precompiled user dll's ...
Registered in 0.004331 seconds.
Begin MonoManager ReloadAssembly
Native extension for WindowsStandalone target not found
Refreshing native plugins compatible for Editor in 1.79 ms, found 1 plugins.
Preloading 0 native plugins for Editor in 0.00 ms.
Mono: successfully reloaded assembly
- Completed reload, in  2.742 seconds
Platform modules already initialized, skipping
Switching build target platform(5) subTarget(0) extendedPlatform(0) -> platform(13) subTarget(537395200) extendedPlatform(0)
Shader 'Universal Render Pipeline/Particles/Lit': fallback shader 'Universal Render Pipeline/Particles/SimpleLit' not found
Shader 'Universal Render Pipeline/Particles/Lit': fallback shader 'Universal Render Pipeline/Particles/SimpleLit' not found
Refreshing native plugins compatible for Editor in 2.26 ms, found 1 plugins.
Preloading 0 native plugins for Editor in 0.00 ms.
Unloading 3352 Unused Serialized files (Serialized files now loaded: 0)
System memory in use before: 143.2 MB.
System memory in use after: 139.5 MB.

Unloading 106 unused Assets to reduce memory usage. Loaded Objects now: 3759.
Total: 7.543300 ms (FindLiveObjects: 0.558300 ms CreateObjectMapping: 0.144200 ms MarkObjects: 4.120400 ms  DeleteObjects: 2.718200 ms)

AssetImportParameters requested are different than current active one (requested -> active):
  custom:graphics/normal-map-encoding: 01000000000000000000000000000000 -> 02000000000000000000000000000000
========================================================================
Received Import Request.
  Time since last request: 101.317105 seconds.
  path: Assets/Scripts/AdventureDeckScriptableObject.cs
  artifactKey: Guid(72835a3ddc6a0c3488c2fe4ea8830c9a) Importer(815301076,1909f56bfc062723c751e8b465ee728b)
Start importing Assets/Scripts/AdventureDeckScriptableObject.cs using Guid(72835a3ddc6a0c3488c2fe4ea8830c9a) Importer(815301076,1909f56bfc062723c751e8b465ee728b)  -> (artifact id: '3a305e8f69158a61918f7be59018067d') in 0.013956 seconds
  Import took 0.021991 seconds .

