Using pre-set license
Built from '2020.3/staging' branch; Version is '2020.3.6f1 (338bb68529b2) revision 3378102'; Using compiler version '192528614'; Build Type 'Release'
OS: 'Windows 10 Home; OS build 22000.434; Version 2009; 64bit' Language: 'en' Physical Memory: 32715 MB
BatchMode: 1, IsHumanControllingUs: 0, StartBugReporterOnCrash: 0, Is64bit: 1, IsPro: 0

 COMMAND LINE ARGUMENTS:
C:\Program Files\Unity\Hub\Editor\2020.3.6f1\Editor\Unity.exe
-adb2
-batchMode
-noUpm
-name
AssetImportWorker0
-projectPath
D:/GGJ2022
-logFile
Logs/AssetImportWorker0.log
-srvPort
51128
Successfully changed project path to: D:/GGJ2022
D:/GGJ2022
Using Asset Import Pipeline V2.
Refreshing native plugins compatible for Editor in 110.78 ms, found 1 plugins.
Preloading 0 native plugins for Editor in 0.00 ms.
Initialize engine version: 2020.3.6f1 (338bb68529b2)
[Subsystems] Discovering subsystems at path C:/Program Files/Unity/Hub/Editor/2020.3.6f1/Editor/Data/Resources/UnitySubsystems
[Subsystems] Discovering subsystems at path D:/GGJ2022/Assets
GfxDevice: creating device client; threaded=0
Direct3D:
    Version:  Direct3D 11.0 [level 11.1]
    Renderer: NVIDIA GeForce GTX 1650 (ID=0x1f82)
    Vendor:   
    VRAM:     3962 MB
    Driver:   30.0.14.9676
Initialize mono
Mono path[0] = 'C:/Program Files/Unity/Hub/Editor/2020.3.6f1/Editor/Data/Managed'
Mono path[1] = 'C:/Program Files/Unity/Hub/Editor/2020.3.6f1/Editor/Data/MonoBleedingEdge/lib/mono/unityjit'
Mono config path = 'C:/Program Files/Unity/Hub/Editor/2020.3.6f1/Editor/Data/MonoBleedingEdge/etc'
Using monoOptions --debugger-agent=transport=dt_socket,embedding=1,server=y,suspend=n,address=127.0.0.1:56428
Begin MonoManager ReloadAssembly
Registering precompiled unity dll's ...
Register platform support module: C:/Program Files/Unity/Hub/Editor/2020.3.6f1/Editor/Data/PlaybackEngines/WindowsStandaloneSupport/UnityEditor.WindowsStandalone.Extensions.dll
Registered in 0.001676 seconds.
Native extension for WindowsStandalone target not found
Refreshing native plugins compatible for Editor in 80.22 ms, found 1 plugins.
Preloading 0 native plugins for Editor in 0.00 ms.
Mono: successfully reloaded assembly
- Completed reload, in  2.595 seconds
Platform modules already initialized, skipping
Registering precompiled user dll's ...
Registered in 0.004219 seconds.
Begin MonoManager ReloadAssembly
Native extension for WindowsStandalone target not found
Refreshing native plugins compatible for Editor in 80.28 ms, found 1 plugins.
Preloading 0 native plugins for Editor in 0.00 ms.
Refreshing native plugins compatible for Editor in 1.48 ms, found 1 plugins.
Mono: successfully reloaded assembly
- Completed reload, in  1.980 seconds
Platform modules already initialized, skipping
========================================================================
Worker process is ready to serve import requests
Shader 'Universal Render Pipeline/Particles/Lit': fallback shader 'Universal Render Pipeline/Particles/SimpleLit' not found
Shader 'Universal Render Pipeline/Particles/Lit': fallback shader 'Universal Render Pipeline/Particles/SimpleLit' not found
Launched and connected shader compiler UnityShaderCompiler.exe after 0.06 seconds
Refreshing native plugins compatible for Editor in 1.43 ms, found 1 plugins.
Preloading 0 native plugins for Editor in 0.00 ms.
Unloading 3456 Unused Serialized files (Serialized files now loaded: 0)
System memory in use before: 149.8 MB.
System memory in use after: 146.1 MB.

Unloading 152 unused Assets to reduce memory usage. Loaded Objects now: 3765.
Total: 8.222400 ms (FindLiveObjects: 0.429300 ms CreateObjectMapping: 0.116900 ms MarkObjects: 4.940500 ms  DeleteObjects: 2.733400 ms)

========================================================================
Received Import Request.
  path: Assets/Resources/ScriptableObjects/Decks/Dawkins Hole.asset
  artifactKey: Guid(29817ce8b1bd87f4fb9257c4a51075bc) Importer(815301076,1909f56bfc062723c751e8b465ee728b)
Start importing Assets/Resources/ScriptableObjects/Decks/Dawkins Hole.asset using Guid(29817ce8b1bd87f4fb9257c4a51075bc) Importer(815301076,1909f56bfc062723c751e8b465ee728b)  -> (artifact id: '35764b24abf2da98ea5cace2a7482523') in 0.048771 seconds
  Import took 0.055260 seconds .

========================================================================
Received Import Request.
  Time since last request: 9.344409 seconds.
  path: Assets/Resources/ScriptableObjects/Decks/The Inn.asset
  artifactKey: Guid(7b01833536a158d45873c7fae7159be1) Importer(815301076,1909f56bfc062723c751e8b465ee728b)
Start importing Assets/Resources/ScriptableObjects/Decks/The Inn.asset using Guid(7b01833536a158d45873c7fae7159be1) Importer(815301076,1909f56bfc062723c751e8b465ee728b)  -> (artifact id: '4d051455ffddf65477dcc1bc3469c35c') in 0.012021 seconds
  Import took 0.018047 seconds .

========================================================================
Received Import Request.
  Time since last request: 0.017126 seconds.
  path: Assets/Resources/ScriptableObjects/Decks/The Inn.asset
  artifactKey: Guid(7b01833536a158d45873c7fae7159be1) Importer(815301076,1909f56bfc062723c751e8b465ee728b)
Start importing Assets/Resources/ScriptableObjects/Decks/The Inn.asset using Guid(7b01833536a158d45873c7fae7159be1) Importer(815301076,1909f56bfc062723c751e8b465ee728b)  -> (artifact id: '4d051455ffddf65477dcc1bc3469c35c') in 0.005186 seconds
  Import took 0.011155 seconds .

========================================================================
Received Prepare
Registering precompiled user dll's ...
Registered in 0.007082 seconds.
Begin MonoManager ReloadAssembly
Native extension for WindowsStandalone target not found
Refreshing native plugins compatible for Editor in 1.45 ms, found 1 plugins.
Preloading 0 native plugins for Editor in 0.00 ms.
Mono: successfully reloaded assembly
- Completed reload, in  1.849 seconds
Platform modules already initialized, skipping
Switching build target platform(5) subTarget(0) extendedPlatform(0) -> platform(13) subTarget(537395200) extendedPlatform(0)
Shader 'Universal Render Pipeline/Particles/Lit': fallback shader 'Universal Render Pipeline/Particles/SimpleLit' not found
Shader 'Universal Render Pipeline/Particles/Lit': fallback shader 'Universal Render Pipeline/Particles/SimpleLit' not found
Refreshing native plugins compatible for Editor in 1.44 ms, found 1 plugins.
Preloading 0 native plugins for Editor in 0.00 ms.
Unloading 3405 Unused Serialized files (Serialized files now loaded: 0)
System memory in use before: 145.1 MB.
System memory in use after: 141.3 MB.

Unloading 147 unused Assets to reduce memory usage. Loaded Objects now: 3768.
Total: 6.761600 ms (FindLiveObjects: 0.918800 ms CreateObjectMapping: 0.200600 ms MarkObjects: 3.493900 ms  DeleteObjects: 2.145900 ms)

AssetImportParameters requested are different than current active one (requested -> active):
  custom:graphics/normal-map-encoding: 01000000000000000000000000000000 -> 02000000000000000000000000000000
========================================================================
Received Prepare
Registering precompiled user dll's ...
Registered in 0.005073 seconds.
Begin MonoManager ReloadAssembly
Native extension for WindowsStandalone target not found
Refreshing native plugins compatible for Editor in 1.62 ms, found 1 plugins.
Preloading 0 native plugins for Editor in 0.00 ms.
Mono: successfully reloaded assembly
- Completed reload, in  1.964 seconds
Platform modules already initialized, skipping
Switching build target platform(5) subTarget(0) extendedPlatform(0) -> platform(13) subTarget(537395200) extendedPlatform(0)
Shader 'Universal Render Pipeline/Particles/Lit': fallback shader 'Universal Render Pipeline/Particles/SimpleLit' not found
Shader 'Universal Render Pipeline/Particles/Lit': fallback shader 'Universal Render Pipeline/Particles/SimpleLit' not found
Refreshing native plugins compatible for Editor in 1.55 ms, found 1 plugins.
Preloading 0 native plugins for Editor in 0.00 ms.
Unloading 3405 Unused Serialized files (Serialized files now loaded: 0)
System memory in use before: 145.1 MB.
System memory in use after: 141.4 MB.

Unloading 147 unused Assets to reduce memory usage. Loaded Objects now: 3771.
Total: 6.183000 ms (FindLiveObjects: 0.485200 ms CreateObjectMapping: 0.107200 ms MarkObjects: 3.455300 ms  DeleteObjects: 2.133400 ms)

AssetImportParameters requested are different than current active one (requested -> active):
  custom:graphics/normal-map-encoding: 01000000000000000000000000000000 -> 02000000000000000000000000000000
========================================================================
Received Prepare
Registering precompiled user dll's ...
Registered in 0.004921 seconds.
Begin MonoManager ReloadAssembly
Native extension for WindowsStandalone target not found
Refreshing native plugins compatible for Editor in 1.48 ms, found 1 plugins.
Preloading 0 native plugins for Editor in 0.00 ms.
Mono: successfully reloaded assembly
- Completed reload, in  2.018 seconds
Platform modules already initialized, skipping
Switching build target platform(5) subTarget(0) extendedPlatform(0) -> platform(13) subTarget(537395200) extendedPlatform(0)
Shader 'Universal Render Pipeline/Particles/Lit': fallback shader 'Universal Render Pipeline/Particles/SimpleLit' not found
Shader 'Universal Render Pipeline/Particles/Lit': fallback shader 'Universal Render Pipeline/Particles/SimpleLit' not found
Refreshing native plugins compatible for Editor in 1.43 ms, found 1 plugins.
Preloading 0 native plugins for Editor in 0.00 ms.
Unloading 3405 Unused Serialized files (Serialized files now loaded: 0)
System memory in use before: 145.1 MB.
System memory in use after: 141.4 MB.

Unloading 147 unused Assets to reduce memory usage. Loaded Objects now: 3774.
Total: 5.906000 ms (FindLiveObjects: 0.392000 ms CreateObjectMapping: 0.092700 ms MarkObjects: 3.284400 ms  DeleteObjects: 2.134800 ms)

AssetImportParameters requested are different than current active one (requested -> active):
  custom:graphics/normal-map-encoding: 01000000000000000000000000000000 -> 02000000000000000000000000000000
========================================================================
Received Import Request.
  Time since last request: 3128.788641 seconds.
  path: Assets/Resources/Prefabs/Enemy Card.prefab
  artifactKey: Guid(cc1592b60f884c34f9002199d323d8dc) Importer(815301076,1909f56bfc062723c751e8b465ee728b)
Start importing Assets/Resources/Prefabs/Enemy Card.prefab using Guid(cc1592b60f884c34f9002199d323d8dc) Importer(815301076,1909f56bfc062723c751e8b465ee728b)  -> (artifact id: '0f3f9e7753f7eda91a3eec78f55d3043') in 0.124618 seconds
  Import took 0.211668 seconds .

========================================================================
Received Prepare
Registering precompiled user dll's ...
Registered in 0.005181 seconds.
Begin MonoManager ReloadAssembly
Native extension for WindowsStandalone target not found
Refreshing native plugins compatible for Editor in 1.50 ms, found 1 plugins.
Preloading 0 native plugins for Editor in 0.00 ms.
Mono: successfully reloaded assembly
- Completed reload, in  1.950 seconds
Platform modules already initialized, skipping
Switching build target platform(5) subTarget(0) extendedPlatform(0) -> platform(13) subTarget(537395200) extendedPlatform(0)
Shader 'Universal Render Pipeline/Particles/Lit': fallback shader 'Universal Render Pipeline/Particles/SimpleLit' not found
Shader 'Universal Render Pipeline/Particles/Lit': fallback shader 'Universal Render Pipeline/Particles/SimpleLit' not found
Refreshing native plugins compatible for Editor in 1.67 ms, found 1 plugins.
Preloading 0 native plugins for Editor in 0.00 ms.
Unloading 3405 Unused Serialized files (Serialized files now loaded: 0)
System memory in use before: 145.2 MB.
System memory in use after: 141.5 MB.

Unloading 147 unused Assets to reduce memory usage. Loaded Objects now: 3777.
Total: 6.661300 ms (FindLiveObjects: 0.449300 ms CreateObjectMapping: 0.128900 ms MarkObjects: 3.727700 ms  DeleteObjects: 2.353100 ms)

AssetImportParameters requested are different than current active one (requested -> active):
  custom:graphics/normal-map-encoding: 01000000000000000000000000000000 -> 02000000000000000000000000000000
========================================================================
Received Import Request.
  Time since last request: 449.635471 seconds.
  path: Assets/Resources/Prefabs/Event Card.prefab
  artifactKey: Guid(db00021919b4fa4448f258a63dcaf049) Importer(815301076,1909f56bfc062723c751e8b465ee728b)
Start importing Assets/Resources/Prefabs/Event Card.prefab using Guid(db00021919b4fa4448f258a63dcaf049) Importer(815301076,1909f56bfc062723c751e8b465ee728b)  -> (artifact id: 'd68a1be3865b0fdec22cc51d0e962eb0') in 0.113130 seconds
  Import took 0.119916 seconds .

========================================================================
Received Prepare
Registering precompiled user dll's ...
Registered in 0.004685 seconds.
Begin MonoManager ReloadAssembly
Native extension for WindowsStandalone target not found
Refreshing native plugins compatible for Editor in 2.59 ms, found 1 plugins.
Preloading 0 native plugins for Editor in 0.00 ms.
Mono: successfully reloaded assembly
- Completed reload, in  1.946 seconds
Platform modules already initialized, skipping
Switching build target platform(5) subTarget(0) extendedPlatform(0) -> platform(13) subTarget(537395200) extendedPlatform(0)
Shader 'Universal Render Pipeline/Particles/Lit': fallback shader 'Universal Render Pipeline/Particles/SimpleLit' not found
Shader 'Universal Render Pipeline/Particles/Lit': fallback shader 'Universal Render Pipeline/Particles/SimpleLit' not found
Refreshing native plugins compatible for Editor in 1.41 ms, found 1 plugins.
Preloading 0 native plugins for Editor in 0.00 ms.
Unloading 3405 Unused Serialized files (Serialized files now loaded: 0)
System memory in use before: 145.2 MB.
System memory in use after: 141.5 MB.

Unloading 147 unused Assets to reduce memory usage. Loaded Objects now: 3780.
Total: 6.971700 ms (FindLiveObjects: 0.742400 ms CreateObjectMapping: 0.322600 ms MarkObjects: 3.678200 ms  DeleteObjects: 2.226700 ms)

AssetImportParameters requested are different than current active one (requested -> active):
  custom:graphics/normal-map-encoding: 01000000000000000000000000000000 -> 02000000000000000000000000000000
========================================================================
Received Prepare
Registering precompiled user dll's ...
Registered in 0.005050 seconds.
Begin MonoManager ReloadAssembly
Native extension for WindowsStandalone target not found
Refreshing native plugins compatible for Editor in 1.61 ms, found 1 plugins.
Preloading 0 native plugins for Editor in 0.00 ms.
Mono: successfully reloaded assembly
- Completed reload, in  1.982 seconds
Platform modules already initialized, skipping
Switching build target platform(5) subTarget(0) extendedPlatform(0) -> platform(13) subTarget(537395200) extendedPlatform(0)
Shader 'Universal Render Pipeline/Particles/Lit': fallback shader 'Universal Render Pipeline/Particles/SimpleLit' not found
Shader 'Universal Render Pipeline/Particles/Lit': fallback shader 'Universal Render Pipeline/Particles/SimpleLit' not found
Refreshing native plugins compatible for Editor in 1.54 ms, found 1 plugins.
Preloading 0 native plugins for Editor in 0.00 ms.
Unloading 3405 Unused Serialized files (Serialized files now loaded: 0)
System memory in use before: 145.2 MB.
System memory in use after: 141.5 MB.

Unloading 147 unused Assets to reduce memory usage. Loaded Objects now: 3783.
Total: 6.202500 ms (FindLiveObjects: 0.507000 ms CreateObjectMapping: 0.117900 ms MarkObjects: 3.363200 ms  DeleteObjects: 2.211900 ms)

AssetImportParameters requested are different than current active one (requested -> active):
  custom:graphics/normal-map-encoding: 01000000000000000000000000000000 -> 02000000000000000000000000000000
========================================================================
Received Prepare
Registering precompiled user dll's ...
Registered in 0.004458 seconds.
Begin MonoManager ReloadAssembly
Native extension for WindowsStandalone target not found
Refreshing native plugins compatible for Editor in 1.48 ms, found 1 plugins.
Preloading 0 native plugins for Editor in 0.00 ms.
Mono: successfully reloaded assembly
- Completed reload, in  2.010 seconds
Platform modules already initialized, skipping
Switching build target platform(5) subTarget(0) extendedPlatform(0) -> platform(13) subTarget(537395200) extendedPlatform(0)
Shader 'Universal Render Pipeline/Particles/Lit': fallback shader 'Universal Render Pipeline/Particles/SimpleLit' not found
Shader 'Universal Render Pipeline/Particles/Lit': fallback shader 'Universal Render Pipeline/Particles/SimpleLit' not found
Refreshing native plugins compatible for Editor in 2.02 ms, found 1 plugins.
Preloading 0 native plugins for Editor in 0.00 ms.
Unloading 3405 Unused Serialized files (Serialized files now loaded: 0)
System memory in use before: 145.2 MB.
System memory in use after: 141.5 MB.

Unloading 147 unused Assets to reduce memory usage. Loaded Objects now: 3786.
Total: 6.267000 ms (FindLiveObjects: 0.502100 ms CreateObjectMapping: 0.182500 ms MarkObjects: 3.312400 ms  DeleteObjects: 2.268800 ms)

AssetImportParameters requested are different than current active one (requested -> active):
  custom:graphics/normal-map-encoding: 01000000000000000000000000000000 -> 02000000000000000000000000000000
========================================================================
Received Prepare
Registering precompiled user dll's ...
Registered in 0.004337 seconds.
Begin MonoManager ReloadAssembly
Native extension for WindowsStandalone target not found
Refreshing native plugins compatible for Editor in 1.49 ms, found 1 plugins.
Preloading 0 native plugins for Editor in 0.00 ms.
Mono: successfully reloaded assembly
- Completed reload, in  1.992 seconds
Platform modules already initialized, skipping
Switching build target platform(5) subTarget(0) extendedPlatform(0) -> platform(13) subTarget(537395200) extendedPlatform(0)
Shader 'Universal Render Pipeline/Particles/Lit': fallback shader 'Universal Render Pipeline/Particles/SimpleLit' not found
Shader 'Universal Render Pipeline/Particles/Lit': fallback shader 'Universal Render Pipeline/Particles/SimpleLit' not found
Refreshing native plugins compatible for Editor in 1.65 ms, found 1 plugins.
Preloading 0 native plugins for Editor in 0.00 ms.
Unloading 3405 Unused Serialized files (Serialized files now loaded: 0)
System memory in use before: 145.3 MB.
System memory in use after: 141.5 MB.

Unloading 147 unused Assets to reduce memory usage. Loaded Objects now: 3789.
Total: 7.349600 ms (FindLiveObjects: 0.619000 ms CreateObjectMapping: 0.195000 ms MarkObjects: 3.954800 ms  DeleteObjects: 2.576100 ms)

AssetImportParameters requested are different than current active one (requested -> active):
  custom:graphics/normal-map-encoding: 01000000000000000000000000000000 -> 02000000000000000000000000000000
========================================================================
Received Prepare
Registering precompiled user dll's ...
Registered in 0.005330 seconds.
Begin MonoManager ReloadAssembly
Native extension for WindowsStandalone target not found
Refreshing native plugins compatible for Editor in 1.52 ms, found 1 plugins.
Preloading 0 native plugins for Editor in 0.00 ms.
Mono: successfully reloaded assembly
- Completed reload, in  1.928 seconds
Platform modules already initialized, skipping
Switching build target platform(5) subTarget(0) extendedPlatform(0) -> platform(13) subTarget(537395200) extendedPlatform(0)
Shader 'Universal Render Pipeline/Particles/Lit': fallback shader 'Universal Render Pipeline/Particles/SimpleLit' not found
Shader 'Universal Render Pipeline/Particles/Lit': fallback shader 'Universal Render Pipeline/Particles/SimpleLit' not found
Refreshing native plugins compatible for Editor in 1.85 ms, found 1 plugins.
Preloading 0 native plugins for Editor in 0.00 ms.
Unloading 3405 Unused Serialized files (Serialized files now loaded: 0)
System memory in use before: 145.2 MB.
System memory in use after: 141.5 MB.

Unloading 147 unused Assets to reduce memory usage. Loaded Objects now: 3792.
Total: 6.695800 ms (FindLiveObjects: 0.593600 ms CreateObjectMapping: 0.126400 ms MarkObjects: 3.578700 ms  DeleteObjects: 2.395400 ms)

AssetImportParameters requested are different than current active one (requested -> active):
  custom:graphics/normal-map-encoding: 01000000000000000000000000000000 -> 02000000000000000000000000000000
========================================================================
Received Prepare
Registering precompiled user dll's ...
Registered in 0.004446 seconds.
Begin MonoManager ReloadAssembly
Native extension for WindowsStandalone target not found
Refreshing native plugins compatible for Editor in 1.51 ms, found 1 plugins.
Preloading 0 native plugins for Editor in 0.00 ms.
Mono: successfully reloaded assembly
- Completed reload, in  1.982 seconds
Platform modules already initialized, skipping
Switching build target platform(5) subTarget(0) extendedPlatform(0) -> platform(13) subTarget(537395200) extendedPlatform(0)
Shader 'Universal Render Pipeline/Particles/Lit': fallback shader 'Universal Render Pipeline/Particles/SimpleLit' not found
Shader 'Universal Render Pipeline/Particles/Lit': fallback shader 'Universal Render Pipeline/Particles/SimpleLit' not found
Refreshing native plugins compatible for Editor in 1.53 ms, found 1 plugins.
Preloading 0 native plugins for Editor in 0.00 ms.
Unloading 3405 Unused Serialized files (Serialized files now loaded: 0)
System memory in use before: 145.3 MB.
System memory in use after: 141.5 MB.

Unloading 147 unused Assets to reduce memory usage. Loaded Objects now: 3795.
Total: 7.640100 ms (FindLiveObjects: 0.515000 ms CreateObjectMapping: 0.166900 ms MarkObjects: 4.052200 ms  DeleteObjects: 2.904400 ms)

AssetImportParameters requested are different than current active one (requested -> active):
  custom:graphics/normal-map-encoding: 01000000000000000000000000000000 -> 02000000000000000000000000000000
========================================================================
Received Prepare
Registering precompiled user dll's ...
Registered in 0.004474 seconds.
Begin MonoManager ReloadAssembly
Native extension for WindowsStandalone target not found
Refreshing native plugins compatible for Editor in 1.73 ms, found 1 plugins.
Preloading 0 native plugins for Editor in 0.00 ms.
Mono: successfully reloaded assembly
- Completed reload, in  1.973 seconds
Platform modules already initialized, skipping
Switching build target platform(5) subTarget(0) extendedPlatform(0) -> platform(13) subTarget(537395200) extendedPlatform(0)
Shader 'Universal Render Pipeline/Particles/Lit': fallback shader 'Universal Render Pipeline/Particles/SimpleLit' not found
Shader 'Universal Render Pipeline/Particles/Lit': fallback shader 'Universal Render Pipeline/Particles/SimpleLit' not found
Refreshing native plugins compatible for Editor in 1.41 ms, found 1 plugins.
Preloading 0 native plugins for Editor in 0.00 ms.
Unloading 3405 Unused Serialized files (Serialized files now loaded: 0)
System memory in use before: 145.3 MB.
System memory in use after: 141.5 MB.

Unloading 147 unused Assets to reduce memory usage. Loaded Objects now: 3798.
Total: 6.080900 ms (FindLiveObjects: 0.459700 ms CreateObjectMapping: 0.119100 ms MarkObjects: 3.253200 ms  DeleteObjects: 2.247700 ms)

AssetImportParameters requested are different than current active one (requested -> active):
  custom:graphics/normal-map-encoding: 01000000000000000000000000000000 -> 02000000000000000000000000000000
========================================================================
Received Prepare
Registering precompiled user dll's ...
Registered in 0.004474 seconds.
Begin MonoManager ReloadAssembly
Native extension for WindowsStandalone target not found
Refreshing native plugins compatible for Editor in 1.66 ms, found 1 plugins.
Preloading 0 native plugins for Editor in 0.00 ms.
Mono: successfully reloaded assembly
- Completed reload, in  2.035 seconds
Platform modules already initialized, skipping
Switching build target platform(5) subTarget(0) extendedPlatform(0) -> platform(13) subTarget(537395200) extendedPlatform(0)
Shader 'Universal Render Pipeline/Particles/Lit': fallback shader 'Universal Render Pipeline/Particles/SimpleLit' not found
Shader 'Universal Render Pipeline/Particles/Lit': fallback shader 'Universal Render Pipeline/Particles/SimpleLit' not found
Refreshing native plugins compatible for Editor in 1.55 ms, found 1 plugins.
Preloading 0 native plugins for Editor in 0.00 ms.
Unloading 3405 Unused Serialized files (Serialized files now loaded: 0)
System memory in use before: 145.3 MB.
System memory in use after: 141.5 MB.

Unloading 147 unused Assets to reduce memory usage. Loaded Objects now: 3801.
Total: 6.798500 ms (FindLiveObjects: 0.518300 ms CreateObjectMapping: 0.141200 ms MarkObjects: 3.550600 ms  DeleteObjects: 2.586600 ms)

AssetImportParameters requested are different than current active one (requested -> active):
  custom:graphics/normal-map-encoding: 01000000000000000000000000000000 -> 02000000000000000000000000000000
========================================================================
Received Prepare
Registering precompiled user dll's ...
Registered in 0.004505 seconds.
Begin MonoManager ReloadAssembly
Native extension for WindowsStandalone target not found
Refreshing native plugins compatible for Editor in 1.55 ms, found 1 plugins.
Preloading 0 native plugins for Editor in 0.00 ms.
Mono: successfully reloaded assembly
- Completed reload, in  1.936 seconds
Platform modules already initialized, skipping
Switching build target platform(5) subTarget(0) extendedPlatform(0) -> platform(13) subTarget(537395200) extendedPlatform(0)
Shader 'Universal Render Pipeline/Particles/Lit': fallback shader 'Universal Render Pipeline/Particles/SimpleLit' not found
Shader 'Universal Render Pipeline/Particles/Lit': fallback shader 'Universal Render Pipeline/Particles/SimpleLit' not found
Refreshing native plugins compatible for Editor in 1.60 ms, found 1 plugins.
Preloading 0 native plugins for Editor in 0.00 ms.
Unloading 3405 Unused Serialized files (Serialized files now loaded: 0)
System memory in use before: 145.3 MB.
System memory in use after: 141.6 MB.

Unloading 147 unused Assets to reduce memory usage. Loaded Objects now: 3804.
Total: 6.994500 ms (FindLiveObjects: 0.701500 ms CreateObjectMapping: 0.218300 ms MarkObjects: 3.637600 ms  DeleteObjects: 2.435200 ms)

AssetImportParameters requested are different than current active one (requested -> active):
  custom:graphics/normal-map-encoding: 01000000000000000000000000000000 -> 02000000000000000000000000000000
========================================================================
Received Import Request.
  Time since last request: 1434.702236 seconds.
  path: Assets/Resources/ScriptableObjects/Cards/GardenIntro.asset
  artifactKey: Guid(df3b050f20f49bd4aaf1445b1cec2fcd) Importer(815301076,1909f56bfc062723c751e8b465ee728b)
Start importing Assets/Resources/ScriptableObjects/Cards/GardenIntro.asset using Guid(df3b050f20f49bd4aaf1445b1cec2fcd) Importer(815301076,1909f56bfc062723c751e8b465ee728b)  -> (artifact id: 'ea02294d7ed3db120cbec69cd9ca7f55') in 0.026653 seconds
  Import took 0.034190 seconds .

========================================================================
Received Import Request.
  Time since last request: 23.602452 seconds.
  path: Assets/Resources/ScriptableObjects/Cards/GreatPitM.asset
  artifactKey: Guid(f26456b3ecd3c6a4fb739d46ecd0529d) Importer(815301076,1909f56bfc062723c751e8b465ee728b)
Start importing Assets/Resources/ScriptableObjects/Cards/GreatPitM.asset using Guid(f26456b3ecd3c6a4fb739d46ecd0529d) Importer(815301076,1909f56bfc062723c751e8b465ee728b)  -> (artifact id: '22be1b60a96e812b79201e035c674c54') in 0.012945 seconds
  Import took 0.019671 seconds .

========================================================================
Received Import Request.
  Time since last request: 0.018414 seconds.
  path: Assets/Resources/ScriptableObjects/Cards/GreatPitM.asset
  artifactKey: Guid(f26456b3ecd3c6a4fb739d46ecd0529d) Importer(815301076,1909f56bfc062723c751e8b465ee728b)
Start importing Assets/Resources/ScriptableObjects/Cards/GreatPitM.asset using Guid(f26456b3ecd3c6a4fb739d46ecd0529d) Importer(815301076,1909f56bfc062723c751e8b465ee728b)  -> (artifact id: '22be1b60a96e812b79201e035c674c54') in 0.006497 seconds
  Import took 0.013133 seconds .

========================================================================
Received Import Request.
  Time since last request: 8.675971 seconds.
  path: Assets/Resources/ScriptableObjects/Cards/GreatPitP.asset
  artifactKey: Guid(ba56e07be43203f40a52092515f3b8a2) Importer(815301076,1909f56bfc062723c751e8b465ee728b)
Start importing Assets/Resources/ScriptableObjects/Cards/GreatPitP.asset using Guid(ba56e07be43203f40a52092515f3b8a2) Importer(815301076,1909f56bfc062723c751e8b465ee728b)  -> (artifact id: '303bcc295df629620c8c792ea0b09bb0') in 0.011747 seconds
  Import took 0.018622 seconds .

========================================================================
Received Import Request.
  Time since last request: 0.015829 seconds.
  path: Assets/Resources/ScriptableObjects/Cards/GreatPitP.asset
  artifactKey: Guid(ba56e07be43203f40a52092515f3b8a2) Importer(815301076,1909f56bfc062723c751e8b465ee728b)
Start importing Assets/Resources/ScriptableObjects/Cards/GreatPitP.asset using Guid(ba56e07be43203f40a52092515f3b8a2) Importer(815301076,1909f56bfc062723c751e8b465ee728b)  -> (artifact id: '303bcc295df629620c8c792ea0b09bb0') in 0.006419 seconds
  Import took 0.012771 seconds .

========================================================================
Received Import Request.
  Time since last request: 11.202758 seconds.
  path: Assets/Resources/ScriptableObjects/Cards/TokenNightmare.asset
  artifactKey: Guid(0c38521c15f2e874ca081ed5228fc022) Importer(815301076,1909f56bfc062723c751e8b465ee728b)
Start importing Assets/Resources/ScriptableObjects/Cards/TokenNightmare.asset using Guid(0c38521c15f2e874ca081ed5228fc022) Importer(815301076,1909f56bfc062723c751e8b465ee728b)  -> (artifact id: '6af97343f46d69780c67e279765131fc') in 0.012557 seconds
  Import took 0.019290 seconds .

========================================================================
Received Import Request.
  Time since last request: 0.019524 seconds.
  path: Assets/Resources/ScriptableObjects/Cards/TokenNightmare.asset
  artifactKey: Guid(0c38521c15f2e874ca081ed5228fc022) Importer(815301076,1909f56bfc062723c751e8b465ee728b)
Start importing Assets/Resources/ScriptableObjects/Cards/TokenNightmare.asset using Guid(0c38521c15f2e874ca081ed5228fc022) Importer(815301076,1909f56bfc062723c751e8b465ee728b)  -> (artifact id: '6af97343f46d69780c67e279765131fc') in 0.004156 seconds
  Import took 0.010468 seconds .

========================================================================
Received Import Request.
  Time since last request: 24.781714 seconds.
  path: Assets/Resources/ScriptableObjects/Cards/TheBumpInTheDarkness.asset
  artifactKey: Guid(106d8d992bb1813429775a33aac99041) Importer(815301076,1909f56bfc062723c751e8b465ee728b)
Start importing Assets/Resources/ScriptableObjects/Cards/TheBumpInTheDarkness.asset using Guid(106d8d992bb1813429775a33aac99041) Importer(815301076,1909f56bfc062723c751e8b465ee728b)  -> (artifact id: '5cb65a6f2d80807ddf7e078b8020bfd4') in 0.010080 seconds
  Import took 0.016686 seconds .

========================================================================
Received Import Request.
  Time since last request: 0.020778 seconds.
  path: Assets/Resources/ScriptableObjects/Cards/TheBumpInTheDarkness.asset
  artifactKey: Guid(106d8d992bb1813429775a33aac99041) Importer(815301076,1909f56bfc062723c751e8b465ee728b)
Start importing Assets/Resources/ScriptableObjects/Cards/TheBumpInTheDarkness.asset using Guid(106d8d992bb1813429775a33aac99041) Importer(815301076,1909f56bfc062723c751e8b465ee728b)  -> (artifact id: '5cb65a6f2d80807ddf7e078b8020bfd4') in 0.003970 seconds
  Import took 0.010337 seconds .

========================================================================
Received Import Request.
  Time since last request: 11.712464 seconds.
  path: Assets/Resources/ScriptableObjects/Cards/TorchGoblin.asset
  artifactKey: Guid(8a1cea4a45f8b8745baa1100648fba86) Importer(815301076,1909f56bfc062723c751e8b465ee728b)
Start importing Assets/Resources/ScriptableObjects/Cards/TorchGoblin.asset using Guid(8a1cea4a45f8b8745baa1100648fba86) Importer(815301076,1909f56bfc062723c751e8b465ee728b)  -> (artifact id: '04452ce157700f18ed757d487ed9c5fa') in 0.011400 seconds
  Import took 0.017603 seconds .

========================================================================
Received Import Request.
  Time since last request: 0.020082 seconds.
  path: Assets/Resources/ScriptableObjects/Cards/TorchGoblin.asset
  artifactKey: Guid(8a1cea4a45f8b8745baa1100648fba86) Importer(815301076,1909f56bfc062723c751e8b465ee728b)
Start importing Assets/Resources/ScriptableObjects/Cards/TorchGoblin.asset using Guid(8a1cea4a45f8b8745baa1100648fba86) Importer(815301076,1909f56bfc062723c751e8b465ee728b)  -> (artifact id: '04452ce157700f18ed757d487ed9c5fa') in 0.005382 seconds
  Import took 0.011871 seconds .

========================================================================
Received Import Request.
  Time since last request: 8.018615 seconds.
  path: Assets/Resources/ScriptableObjects/Cards/TrapDoor.asset
  artifactKey: Guid(5ea10bd87630fc94ea1ec9ffbdfd6bb7) Importer(815301076,1909f56bfc062723c751e8b465ee728b)
Start importing Assets/Resources/ScriptableObjects/Cards/TrapDoor.asset using Guid(5ea10bd87630fc94ea1ec9ffbdfd6bb7) Importer(815301076,1909f56bfc062723c751e8b465ee728b)  -> (artifact id: '163320042a4851daa91de3e37a0955f6') in 0.011085 seconds
  Import took 0.017129 seconds .

========================================================================
Received Import Request.
  Time since last request: 0.020529 seconds.
  path: Assets/Resources/ScriptableObjects/Cards/TrapDoor.asset
  artifactKey: Guid(5ea10bd87630fc94ea1ec9ffbdfd6bb7) Importer(815301076,1909f56bfc062723c751e8b465ee728b)
Start importing Assets/Resources/ScriptableObjects/Cards/TrapDoor.asset using Guid(5ea10bd87630fc94ea1ec9ffbdfd6bb7) Importer(815301076,1909f56bfc062723c751e8b465ee728b)  -> (artifact id: '163320042a4851daa91de3e37a0955f6') in 0.004220 seconds
  Import took 0.010355 seconds .

========================================================================
Received Import Request.
  Time since last request: 19.716567 seconds.
  path: Assets/Resources/ScriptableObjects/Cards/BedOfFlames.asset
  artifactKey: Guid(21507c44fb3999b4eb2680cfdc26407e) Importer(815301076,1909f56bfc062723c751e8b465ee728b)
Start importing Assets/Resources/ScriptableObjects/Cards/BedOfFlames.asset using Guid(21507c44fb3999b4eb2680cfdc26407e) Importer(815301076,1909f56bfc062723c751e8b465ee728b)  -> (artifact id: 'a57e4e9e4ee5db282476d6327e93b2c4') in 0.012081 seconds
  Import took 0.019860 seconds .

========================================================================
Received Import Request.
  Time since last request: 0.015556 seconds.
  path: Assets/Resources/ScriptableObjects/Cards/BedOfFlames.asset
  artifactKey: Guid(21507c44fb3999b4eb2680cfdc26407e) Importer(815301076,1909f56bfc062723c751e8b465ee728b)
Start importing Assets/Resources/ScriptableObjects/Cards/BedOfFlames.asset using Guid(21507c44fb3999b4eb2680cfdc26407e) Importer(815301076,1909f56bfc062723c751e8b465ee728b)  -> (artifact id: 'a57e4e9e4ee5db282476d6327e93b2c4') in 0.005797 seconds
  Import took 0.012822 seconds .

========================================================================
Received Import Request.
  Time since last request: 11.506920 seconds.
  path: Assets/Resources/ScriptableObjects/Cards/LadderFromThePit.asset
  artifactKey: Guid(f1e44e2b854d9ad41b665bf9e651cde2) Importer(815301076,1909f56bfc062723c751e8b465ee728b)
Start importing Assets/Resources/ScriptableObjects/Cards/LadderFromThePit.asset using Guid(f1e44e2b854d9ad41b665bf9e651cde2) Importer(815301076,1909f56bfc062723c751e8b465ee728b)  -> (artifact id: 'c574b30e65145dcb83c3edca0cc9a1ae') in 0.010635 seconds
  Import took 0.016750 seconds .

========================================================================
Received Import Request.
  Time since last request: 0.017611 seconds.
  path: Assets/Resources/ScriptableObjects/Cards/LadderFromThePit.asset
  artifactKey: Guid(f1e44e2b854d9ad41b665bf9e651cde2) Importer(815301076,1909f56bfc062723c751e8b465ee728b)
Start importing Assets/Resources/ScriptableObjects/Cards/LadderFromThePit.asset using Guid(f1e44e2b854d9ad41b665bf9e651cde2) Importer(815301076,1909f56bfc062723c751e8b465ee728b)  -> (artifact id: 'c574b30e65145dcb83c3edca0cc9a1ae') in 0.003803 seconds
  Import took 0.010319 seconds .

========================================================================
Received Import Request.
  Time since last request: 9.659324 seconds.
  path: Assets/Resources/ScriptableObjects/Cards/New Folder
  artifactKey: Guid(da551a8c949f3454ebfc829a82c56cd9) Importer(815301076,1909f56bfc062723c751e8b465ee728b)
Start importing Assets/Resources/ScriptableObjects/Cards/New Folder using Guid(da551a8c949f3454ebfc829a82c56cd9) Importer(815301076,1909f56bfc062723c751e8b465ee728b)  -> (artifact id: '7c1023a70599779e4516f33f069f4749') in 0.008481 seconds
  Import took 0.013593 seconds .

========================================================================
Received Import Request.
  Time since last request: 10.913974 seconds.
  path: Assets/Resources/ScriptableObjects/Cards/AdventureCards
  artifactKey: Guid(da551a8c949f3454ebfc829a82c56cd9) Importer(815301076,1909f56bfc062723c751e8b465ee728b)
Start importing Assets/Resources/ScriptableObjects/Cards/AdventureCards using Guid(da551a8c949f3454ebfc829a82c56cd9) Importer(815301076,1909f56bfc062723c751e8b465ee728b)  -> (artifact id: '81e4a0529a2681a445a76a7268a4b268') in 0.011673 seconds
  Import took 0.018623 seconds .

========================================================================
Received Import Request.
  Time since last request: 37.787786 seconds.
  path: Assets/Resources/ScriptableObjects/Cards/AdventureCards/DoorFromThePit.asset
  artifactKey: Guid(7a9d6e73566f34a47a8a1d15ad12993d) Importer(815301076,1909f56bfc062723c751e8b465ee728b)
Start importing Assets/Resources/ScriptableObjects/Cards/AdventureCards/DoorFromThePit.asset using Guid(7a9d6e73566f34a47a8a1d15ad12993d) Importer(815301076,1909f56bfc062723c751e8b465ee728b)  -> (artifact id: '4715a6fe0134a242306b5ace130472aa') in 0.010713 seconds
  Import took 0.017351 seconds .

========================================================================
Received Import Request.
  Time since last request: 0.017121 seconds.
  path: Assets/Resources/ScriptableObjects/Cards/AdventureCards/DoorFromThePit.asset
  artifactKey: Guid(7a9d6e73566f34a47a8a1d15ad12993d) Importer(815301076,1909f56bfc062723c751e8b465ee728b)
Start importing Assets/Resources/ScriptableObjects/Cards/AdventureCards/DoorFromThePit.asset using Guid(7a9d6e73566f34a47a8a1d15ad12993d) Importer(815301076,1909f56bfc062723c751e8b465ee728b)  -> (artifact id: '4715a6fe0134a242306b5ace130472aa') in 0.003979 seconds
  Import took 0.010616 seconds .

========================================================================
Received Import Request.
  Time since last request: 17.773650 seconds.
  path: Assets/Resources/ScriptableObjects/Cards/AdventureCards/TalkativeSpiderling.asset
  artifactKey: Guid(5bac4d89d1296434db297a1fa9455df0) Importer(815301076,1909f56bfc062723c751e8b465ee728b)
Start importing Assets/Resources/ScriptableObjects/Cards/AdventureCards/TalkativeSpiderling.asset using Guid(5bac4d89d1296434db297a1fa9455df0) Importer(815301076,1909f56bfc062723c751e8b465ee728b)  -> (artifact id: '5a6336fb275dd6056a77c493f40f9108') in 0.012969 seconds
  Import took 0.020051 seconds .

========================================================================
Received Import Request.
  Time since last request: 0.018868 seconds.
  path: Assets/Resources/ScriptableObjects/Cards/AdventureCards/TalkativeSpiderling.asset
  artifactKey: Guid(5bac4d89d1296434db297a1fa9455df0) Importer(815301076,1909f56bfc062723c751e8b465ee728b)
Start importing Assets/Resources/ScriptableObjects/Cards/AdventureCards/TalkativeSpiderling.asset using Guid(5bac4d89d1296434db297a1fa9455df0) Importer(815301076,1909f56bfc062723c751e8b465ee728b)  -> (artifact id: '5a6336fb275dd6056a77c493f40f9108') in 0.004836 seconds
  Import took 0.012116 seconds .

========================================================================
Received Import Request.
  Time since last request: 8.397704 seconds.
  path: Assets/Resources/ScriptableObjects/Cards/AdventureCards/TrapWall.asset
  artifactKey: Guid(731dcc854d0cdbf4c9969b8605654fc6) Importer(815301076,1909f56bfc062723c751e8b465ee728b)
Start importing Assets/Resources/ScriptableObjects/Cards/AdventureCards/TrapWall.asset using Guid(731dcc854d0cdbf4c9969b8605654fc6) Importer(815301076,1909f56bfc062723c751e8b465ee728b)  -> (artifact id: 'b8e25773c22f08f33a69a8df515facb8') in 0.010682 seconds
  Import took 0.017609 seconds .

========================================================================
Received Import Request.
  Time since last request: 0.020037 seconds.
  path: Assets/Resources/ScriptableObjects/Cards/AdventureCards/TrapWall.asset
  artifactKey: Guid(731dcc854d0cdbf4c9969b8605654fc6) Importer(815301076,1909f56bfc062723c751e8b465ee728b)
Start importing Assets/Resources/ScriptableObjects/Cards/AdventureCards/TrapWall.asset using Guid(731dcc854d0cdbf4c9969b8605654fc6) Importer(815301076,1909f56bfc062723c751e8b465ee728b)  -> (artifact id: 'b8e25773c22f08f33a69a8df515facb8') in 0.004516 seconds
  Import took 0.011594 seconds .

========================================================================
Received Import Request.
  Time since last request: 142.783067 seconds.
  path: Assets/Resources/ScriptableObjects/Cards/Bow.asset
  artifactKey: Guid(682eb1d7ff22e3d4caccb96919863d7e) Importer(815301076,1909f56bfc062723c751e8b465ee728b)
Start importing Assets/Resources/ScriptableObjects/Cards/Bow.asset using Guid(682eb1d7ff22e3d4caccb96919863d7e) Importer(815301076,1909f56bfc062723c751e8b465ee728b)  -> (artifact id: '6aab8e467a094f3061d12b57fe63ceb6') in 0.011310 seconds
  Import took 0.017307 seconds .

========================================================================
Received Import Request.
  Time since last request: 0.020518 seconds.
  path: Assets/Resources/ScriptableObjects/Cards/Bow.asset
  artifactKey: Guid(682eb1d7ff22e3d4caccb96919863d7e) Importer(815301076,1909f56bfc062723c751e8b465ee728b)
Start importing Assets/Resources/ScriptableObjects/Cards/Bow.asset using Guid(682eb1d7ff22e3d4caccb96919863d7e) Importer(815301076,1909f56bfc062723c751e8b465ee728b)  -> (artifact id: '6aab8e467a094f3061d12b57fe63ceb6') in 0.004565 seconds
  Import took 0.011185 seconds .

========================================================================
Received Import Request.
  Time since last request: 8.297848 seconds.
  path: Assets/Resources/ScriptableObjects/Cards/Sling.asset
  artifactKey: Guid(bf746db690d829b4c9280c81eeaa9e2b) Importer(815301076,1909f56bfc062723c751e8b465ee728b)
Start importing Assets/Resources/ScriptableObjects/Cards/Sling.asset using Guid(bf746db690d829b4c9280c81eeaa9e2b) Importer(815301076,1909f56bfc062723c751e8b465ee728b)  -> (artifact id: 'cbb1b29cc222d3230744cbe854643c38') in 0.009482 seconds
  Import took 0.016408 seconds .

========================================================================
Received Import Request.
  Time since last request: 0.020271 seconds.
  path: Assets/Resources/ScriptableObjects/Cards/Sling.asset
  artifactKey: Guid(bf746db690d829b4c9280c81eeaa9e2b) Importer(815301076,1909f56bfc062723c751e8b465ee728b)
Start importing Assets/Resources/ScriptableObjects/Cards/Sling.asset using Guid(bf746db690d829b4c9280c81eeaa9e2b) Importer(815301076,1909f56bfc062723c751e8b465ee728b)  -> (artifact id: 'cbb1b29cc222d3230744cbe854643c38') in 0.004051 seconds
  Import took 0.013097 seconds .

========================================================================
Received Import Request.
  Time since last request: 5.482846 seconds.
  path: Assets/Resources/ScriptableObjects/Cards/Lantern.asset
  artifactKey: Guid(952b2e80c1cf4374e90d5b976544f525) Importer(815301076,1909f56bfc062723c751e8b465ee728b)
Start importing Assets/Resources/ScriptableObjects/Cards/Lantern.asset using Guid(952b2e80c1cf4374e90d5b976544f525) Importer(815301076,1909f56bfc062723c751e8b465ee728b)  -> (artifact id: '2b411aa51d341c76e4a42b36f3b8c03b') in 0.010386 seconds
  Import took 0.017905 seconds .

========================================================================
Received Import Request.
  Time since last request: 0.019936 seconds.
  path: Assets/Resources/ScriptableObjects/Cards/Lantern.asset
  artifactKey: Guid(952b2e80c1cf4374e90d5b976544f525) Importer(815301076,1909f56bfc062723c751e8b465ee728b)
Start importing Assets/Resources/ScriptableObjects/Cards/Lantern.asset using Guid(952b2e80c1cf4374e90d5b976544f525) Importer(815301076,1909f56bfc062723c751e8b465ee728b)  -> (artifact id: '2b411aa51d341c76e4a42b36f3b8c03b') in 0.004312 seconds
  Import took 0.013234 seconds .

========================================================================
Received Import Request.
  Time since last request: 6.084183 seconds.
  path: Assets/Resources/ScriptableObjects/Cards/Book.asset
  artifactKey: Guid(13d3e58f8ae43c74886d3c0a1d1c09e2) Importer(815301076,1909f56bfc062723c751e8b465ee728b)
Start importing Assets/Resources/ScriptableObjects/Cards/Book.asset using Guid(13d3e58f8ae43c74886d3c0a1d1c09e2) Importer(815301076,1909f56bfc062723c751e8b465ee728b)  -> (artifact id: '64100d3c81946b0a9d694d2f409c2d2d') in 0.010800 seconds
  Import took 0.018367 seconds .

========================================================================
Received Import Request.
  Time since last request: 0.016159 seconds.
  path: Assets/Resources/ScriptableObjects/Cards/Book.asset
  artifactKey: Guid(13d3e58f8ae43c74886d3c0a1d1c09e2) Importer(815301076,1909f56bfc062723c751e8b465ee728b)
Start importing Assets/Resources/ScriptableObjects/Cards/Book.asset using Guid(13d3e58f8ae43c74886d3c0a1d1c09e2) Importer(815301076,1909f56bfc062723c751e8b465ee728b)  -> (artifact id: '64100d3c81946b0a9d694d2f409c2d2d') in 0.004063 seconds
  Import took 0.011026 seconds .

========================================================================
Received Import Request.
  Time since last request: 7.615825 seconds.
  path: Assets/Resources/ScriptableObjects/Cards/Lance.asset
  artifactKey: Guid(ef1fbf092cae6a54181f2eed27090bd5) Importer(815301076,1909f56bfc062723c751e8b465ee728b)
Start importing Assets/Resources/ScriptableObjects/Cards/Lance.asset using Guid(ef1fbf092cae6a54181f2eed27090bd5) Importer(815301076,1909f56bfc062723c751e8b465ee728b)  -> (artifact id: '7ef3e2e1bc050c65fb07e9945f5ed735') in 0.010768 seconds
  Import took 0.017569 seconds .

========================================================================
Received Import Request.
  Time since last request: 0.020753 seconds.
  path: Assets/Resources/ScriptableObjects/Cards/Lance.asset
  artifactKey: Guid(ef1fbf092cae6a54181f2eed27090bd5) Importer(815301076,1909f56bfc062723c751e8b465ee728b)
Start importing Assets/Resources/ScriptableObjects/Cards/Lance.asset using Guid(ef1fbf092cae6a54181f2eed27090bd5) Importer(815301076,1909f56bfc062723c751e8b465ee728b)  -> (artifact id: '7ef3e2e1bc050c65fb07e9945f5ed735') in 0.003845 seconds
  Import took 0.010225 seconds .

========================================================================
Received Import Request.
  Time since last request: 8.443022 seconds.
  path: Assets/Resources/ScriptableObjects/Cards/GardenSword.asset
  artifactKey: Guid(0d6ac9047a7d934498c2585723f02d2c) Importer(815301076,1909f56bfc062723c751e8b465ee728b)
Start importing Assets/Resources/ScriptableObjects/Cards/GardenSword.asset using Guid(0d6ac9047a7d934498c2585723f02d2c) Importer(815301076,1909f56bfc062723c751e8b465ee728b)  -> (artifact id: '9ea136647916d156ce05c94a48df1678') in 0.011777 seconds
  Import took 0.018682 seconds .

========================================================================
Received Import Request.
  Time since last request: 0.016996 seconds.
  path: Assets/Resources/ScriptableObjects/Cards/GardenSword.asset
  artifactKey: Guid(0d6ac9047a7d934498c2585723f02d2c) Importer(815301076,1909f56bfc062723c751e8b465ee728b)
Start importing Assets/Resources/ScriptableObjects/Cards/GardenSword.asset using Guid(0d6ac9047a7d934498c2585723f02d2c) Importer(815301076,1909f56bfc062723c751e8b465ee728b)  -> (artifact id: '9ea136647916d156ce05c94a48df1678') in 0.004199 seconds
  Import took 0.010662 seconds .

========================================================================
Received Import Request.
  Time since last request: 40.838727 seconds.
  path: Assets/Resources/ScriptableObjects/Cards/DawkinsRazor.asset
  artifactKey: Guid(c9869a816c3dffe408e8e95245c5489a) Importer(815301076,1909f56bfc062723c751e8b465ee728b)
Start importing Assets/Resources/ScriptableObjects/Cards/DawkinsRazor.asset using Guid(c9869a816c3dffe408e8e95245c5489a) Importer(815301076,1909f56bfc062723c751e8b465ee728b)  -> (artifact id: '38f9680b55d8b22a464c88bdeccfa705') in 0.011180 seconds
  Import took 0.018993 seconds .

========================================================================
Received Import Request.
  Time since last request: 0.021388 seconds.
  path: Assets/Resources/ScriptableObjects/Cards/DawkinsRazor.asset
  artifactKey: Guid(c9869a816c3dffe408e8e95245c5489a) Importer(815301076,1909f56bfc062723c751e8b465ee728b)
Start importing Assets/Resources/ScriptableObjects/Cards/DawkinsRazor.asset using Guid(c9869a816c3dffe408e8e95245c5489a) Importer(815301076,1909f56bfc062723c751e8b465ee728b)  -> (artifact id: '38f9680b55d8b22a464c88bdeccfa705') in 0.003877 seconds
  Import took 0.010802 seconds .

========================================================================
Received Import Request.
  Time since last request: 12.660699 seconds.
  path: Assets/Resources/ScriptableObjects/Cards/MawBlade.asset
  artifactKey: Guid(5628023071a250447bf4590fdd86d3b0) Importer(815301076,1909f56bfc062723c751e8b465ee728b)
Start importing Assets/Resources/ScriptableObjects/Cards/MawBlade.asset using Guid(5628023071a250447bf4590fdd86d3b0) Importer(815301076,1909f56bfc062723c751e8b465ee728b)  -> (artifact id: 'ca98e635168a40011de089d35b8e7bed') in 0.011279 seconds
  Import took 0.017605 seconds .

========================================================================
Received Import Request.
  Time since last request: 0.017617 seconds.
  path: Assets/Resources/ScriptableObjects/Cards/MawBlade.asset
  artifactKey: Guid(5628023071a250447bf4590fdd86d3b0) Importer(815301076,1909f56bfc062723c751e8b465ee728b)
Start importing Assets/Resources/ScriptableObjects/Cards/MawBlade.asset using Guid(5628023071a250447bf4590fdd86d3b0) Importer(815301076,1909f56bfc062723c751e8b465ee728b)  -> (artifact id: 'ca98e635168a40011de089d35b8e7bed') in 0.004267 seconds
  Import took 0.011234 seconds .

========================================================================
Received Import Request.
  Time since last request: 8.412874 seconds.
  path: Assets/Resources/ScriptableObjects/Cards/Rat'sBane.asset
  artifactKey: Guid(ffb186b8f22206d46bcf475a00896cf9) Importer(815301076,1909f56bfc062723c751e8b465ee728b)
Start importing Assets/Resources/ScriptableObjects/Cards/Rat'sBane.asset using Guid(ffb186b8f22206d46bcf475a00896cf9) Importer(815301076,1909f56bfc062723c751e8b465ee728b)  -> (artifact id: '6d5949e33c279772969b57c6ce217709') in 0.010318 seconds
  Import took 0.017338 seconds .

========================================================================
Received Import Request.
  Time since last request: 0.017975 seconds.
  path: Assets/Resources/ScriptableObjects/Cards/Rat'sBane.asset
  artifactKey: Guid(ffb186b8f22206d46bcf475a00896cf9) Importer(815301076,1909f56bfc062723c751e8b465ee728b)
Start importing Assets/Resources/ScriptableObjects/Cards/Rat'sBane.asset using Guid(ffb186b8f22206d46bcf475a00896cf9) Importer(815301076,1909f56bfc062723c751e8b465ee728b)  -> (artifact id: '6d5949e33c279772969b57c6ce217709') in 0.004147 seconds
  Import took 0.010429 seconds .

========================================================================
Received Import Request.
  Time since last request: 9.284378 seconds.
  path: Assets/Resources/ScriptableObjects/Cards/CibophileJaws.asset
  artifactKey: Guid(b9e8ae76200827a4b87cfb06cac59ac1) Importer(815301076,1909f56bfc062723c751e8b465ee728b)
Start importing Assets/Resources/ScriptableObjects/Cards/CibophileJaws.asset using Guid(b9e8ae76200827a4b87cfb06cac59ac1) Importer(815301076,1909f56bfc062723c751e8b465ee728b)  -> (artifact id: 'f8fa1e4b0acbf46361915abde60f9936') in 0.010225 seconds
  Import took 0.016761 seconds .

========================================================================
Received Import Request.
  Time since last request: 0.018141 seconds.
  path: Assets/Resources/ScriptableObjects/Cards/CibophileJaws.asset
  artifactKey: Guid(b9e8ae76200827a4b87cfb06cac59ac1) Importer(815301076,1909f56bfc062723c751e8b465ee728b)
Start importing Assets/Resources/ScriptableObjects/Cards/CibophileJaws.asset using Guid(b9e8ae76200827a4b87cfb06cac59ac1) Importer(815301076,1909f56bfc062723c751e8b465ee728b)  -> (artifact id: 'f8fa1e4b0acbf46361915abde60f9936') in 0.004110 seconds
  Import took 0.010663 seconds .

========================================================================
Received Import Request.
  Time since last request: 1569.703818 seconds.
  path: Assets/Resources/ScriptableObjects/Cards/AdventureCards/Deck.asset
  artifactKey: Guid(24688fa5cfa3a7b48b67a73cc565b572) Importer(815301076,1909f56bfc062723c751e8b465ee728b)
Start importing Assets/Resources/ScriptableObjects/Cards/AdventureCards/Deck.asset using Guid(24688fa5cfa3a7b48b67a73cc565b572) Importer(815301076,1909f56bfc062723c751e8b465ee728b)  -> (artifact id: '870e2ad77b2b239e727d16b243f66a35') in 0.011601 seconds
  Import took 0.018751 seconds .

========================================================================
Received Import Request.
  Time since last request: 0.015947 seconds.
  path: Assets/Resources/ScriptableObjects/Cards/AdventureCards/Deck.asset
  artifactKey: Guid(24688fa5cfa3a7b48b67a73cc565b572) Importer(815301076,1909f56bfc062723c751e8b465ee728b)
Start importing Assets/Resources/ScriptableObjects/Cards/AdventureCards/Deck.asset using Guid(24688fa5cfa3a7b48b67a73cc565b572) Importer(815301076,1909f56bfc062723c751e8b465ee728b)  -> (artifact id: '870e2ad77b2b239e727d16b243f66a35') in 0.003880 seconds
  Import took 0.010247 seconds .

========================================================================
Received Import Request.
  Time since last request: 38.234210 seconds.
  path: Assets/Resources/ScriptableObjects/Cards/AdventureCards/TheDoorAtTHeEndofThePit.asset
  artifactKey: Guid(0bceb34bb0b0765439a78339a7c66b9c) Importer(815301076,1909f56bfc062723c751e8b465ee728b)
Start importing Assets/Resources/ScriptableObjects/Cards/AdventureCards/TheDoorAtTHeEndofThePit.asset using Guid(0bceb34bb0b0765439a78339a7c66b9c) Importer(815301076,1909f56bfc062723c751e8b465ee728b)  -> (artifact id: '522bc96aebf8ae4e5880d2fac144fa99') in 0.010288 seconds
  Import took 0.016744 seconds .

========================================================================
Received Import Request.
  Time since last request: 0.022825 seconds.
  path: Assets/Resources/ScriptableObjects/Cards/AdventureCards/TheDoorAtTHeEndofThePit.asset
  artifactKey: Guid(0bceb34bb0b0765439a78339a7c66b9c) Importer(815301076,1909f56bfc062723c751e8b465ee728b)
Start importing Assets/Resources/ScriptableObjects/Cards/AdventureCards/TheDoorAtTHeEndofThePit.asset using Guid(0bceb34bb0b0765439a78339a7c66b9c) Importer(815301076,1909f56bfc062723c751e8b465ee728b)  -> (artifact id: '522bc96aebf8ae4e5880d2fac144fa99') in 0.004454 seconds
  Import took 0.010501 seconds .

========================================================================
Received Import Request.
  Time since last request: 28.298954 seconds.
  path: Assets/Resources/ScriptableObjects/Cards/AdventureCards/TheDoorAtTheEndofThePitM.asset
  artifactKey: Guid(0bceb34bb0b0765439a78339a7c66b9c) Importer(815301076,1909f56bfc062723c751e8b465ee728b)
Start importing Assets/Resources/ScriptableObjects/Cards/AdventureCards/TheDoorAtTheEndofThePitM.asset using Guid(0bceb34bb0b0765439a78339a7c66b9c) Importer(815301076,1909f56bfc062723c751e8b465ee728b)  -> (artifact id: '88ddd1f955f99c7046b14b9dfe325216') in 0.010263 seconds
  Import took 0.016810 seconds .

========================================================================
Received Import Request.
  Time since last request: 0.017644 seconds.
  path: Assets/Resources/ScriptableObjects/Cards/AdventureCards/TheDoorAtTheEndofThePitM.asset
  artifactKey: Guid(0bceb34bb0b0765439a78339a7c66b9c) Importer(815301076,1909f56bfc062723c751e8b465ee728b)
Start importing Assets/Resources/ScriptableObjects/Cards/AdventureCards/TheDoorAtTheEndofThePitM.asset using Guid(0bceb34bb0b0765439a78339a7c66b9c) Importer(815301076,1909f56bfc062723c751e8b465ee728b)  -> (artifact id: '88ddd1f955f99c7046b14b9dfe325216') in 0.003668 seconds
  Import took 0.009592 seconds .

========================================================================
Received Import Request.
  Time since last request: 1.151403 seconds.
  path: Assets/Resources/ScriptableObjects/Cards/AdventureCards/TheDoorAtTheEndofThePitM 1.asset
  artifactKey: Guid(4492ca67903e8b44c86febc76aaa0bb8) Importer(815301076,1909f56bfc062723c751e8b465ee728b)
Start importing Assets/Resources/ScriptableObjects/Cards/AdventureCards/TheDoorAtTheEndofThePitM 1.asset using Guid(4492ca67903e8b44c86febc76aaa0bb8) Importer(815301076,1909f56bfc062723c751e8b465ee728b)  -> (artifact id: 'ae9eda5ff216e8d27fe1c18a8232d165') in 0.009805 seconds
  Import took 0.015921 seconds .

========================================================================
Received Import Request.
  Time since last request: 0.027741 seconds.
  path: Assets/Resources/ScriptableObjects/Cards/AdventureCards/TheDoorAtTheEndofThePitM 1.asset
  artifactKey: Guid(4492ca67903e8b44c86febc76aaa0bb8) Importer(815301076,1909f56bfc062723c751e8b465ee728b)
Start importing Assets/Resources/ScriptableObjects/Cards/AdventureCards/TheDoorAtTheEndofThePitM 1.asset using Guid(4492ca67903e8b44c86febc76aaa0bb8) Importer(815301076,1909f56bfc062723c751e8b465ee728b)  -> (artifact id: 'ae9eda5ff216e8d27fe1c18a8232d165') in 0.003646 seconds
  Import took 0.009604 seconds .

========================================================================
Received Import Request.
  Time since last request: 0.000220 seconds.
  path: Assets/Resources/ScriptableObjects/Cards/AdventureCards/TheDoorAtTheEndofThePitM.asset
  artifactKey: Guid(0bceb34bb0b0765439a78339a7c66b9c) Importer(815301076,1909f56bfc062723c751e8b465ee728b)
Start importing Assets/Resources/ScriptableObjects/Cards/AdventureCards/TheDoorAtTheEndofThePitM.asset using Guid(0bceb34bb0b0765439a78339a7c66b9c) Importer(815301076,1909f56bfc062723c751e8b465ee728b)  -> (artifact id: '6226113b7818a1a0590baa0a33feb407') in 0.003376 seconds
  Import took 0.008848 seconds .

========================================================================
Received Import Request.
  Time since last request: 4.493946 seconds.
  path: Assets/Resources/ScriptableObjects/Cards/AdventureCards/TheDoorAtTheEndofThePitP.asset
  artifactKey: Guid(0bceb34bb0b0765439a78339a7c66b9c) Importer(815301076,1909f56bfc062723c751e8b465ee728b)
Start importing Assets/Resources/ScriptableObjects/Cards/AdventureCards/TheDoorAtTheEndofThePitP.asset using Guid(0bceb34bb0b0765439a78339a7c66b9c) Importer(815301076,1909f56bfc062723c751e8b465ee728b)  -> (artifact id: 'd9adea1284e430c0934886f92fcfcafd') in 0.010521 seconds
  Import took 0.017143 seconds .

========================================================================
Received Import Request.
  Time since last request: 0.018723 seconds.
  path: Assets/Resources/ScriptableObjects/Cards/AdventureCards/TheDoorAtTheEndofThePitP.asset
  artifactKey: Guid(0bceb34bb0b0765439a78339a7c66b9c) Importer(815301076,1909f56bfc062723c751e8b465ee728b)
Start importing Assets/Resources/ScriptableObjects/Cards/AdventureCards/TheDoorAtTheEndofThePitP.asset using Guid(0bceb34bb0b0765439a78339a7c66b9c) Importer(815301076,1909f56bfc062723c751e8b465ee728b)  -> (artifact id: 'd9adea1284e430c0934886f92fcfcafd') in 0.004074 seconds
  Import took 0.011793 seconds .

========================================================================
Received Import Request.
  Time since last request: 6.059996 seconds.
  path: Assets/Resources/ScriptableObjects/Cards/AdventureCards/TheMaw.asset
  artifactKey: Guid(27b0c2a6a4676f244aa41ad7425708bb) Importer(815301076,1909f56bfc062723c751e8b465ee728b)
Start importing Assets/Resources/ScriptableObjects/Cards/AdventureCards/TheMaw.asset using Guid(27b0c2a6a4676f244aa41ad7425708bb) Importer(815301076,1909f56bfc062723c751e8b465ee728b)  -> (artifact id: '32ace4040f1a5eda841868bebb5961a6') in 0.010376 seconds
  Import took 0.016705 seconds .

========================================================================
Received Import Request.
  Time since last request: 0.020725 seconds.
  path: Assets/Resources/ScriptableObjects/Cards/AdventureCards/TheMaw.asset
  artifactKey: Guid(27b0c2a6a4676f244aa41ad7425708bb) Importer(815301076,1909f56bfc062723c751e8b465ee728b)
Start importing Assets/Resources/ScriptableObjects/Cards/AdventureCards/TheMaw.asset using Guid(27b0c2a6a4676f244aa41ad7425708bb) Importer(815301076,1909f56bfc062723c751e8b465ee728b)  -> (artifact id: '32ace4040f1a5eda841868bebb5961a6') in 0.003629 seconds
  Import took 0.009718 seconds .

========================================================================
Received Import Request.
  Time since last request: 5.946647 seconds.
  path: Assets/Resources/ScriptableObjects/Cards/AdventureCards/Room1.asset
  artifactKey: Guid(4d1ad12fea7775142be3ad3b30e7f49d) Importer(815301076,1909f56bfc062723c751e8b465ee728b)
Start importing Assets/Resources/ScriptableObjects/Cards/AdventureCards/Room1.asset using Guid(4d1ad12fea7775142be3ad3b30e7f49d) Importer(815301076,1909f56bfc062723c751e8b465ee728b)  -> (artifact id: '2f2e14d11e230ab02e8376cb634616d2') in 0.010253 seconds
  Import took 0.016341 seconds .

========================================================================
Received Import Request.
  Time since last request: 0.019328 seconds.
  path: Assets/Resources/ScriptableObjects/Cards/AdventureCards/Room1.asset
  artifactKey: Guid(4d1ad12fea7775142be3ad3b30e7f49d) Importer(815301076,1909f56bfc062723c751e8b465ee728b)
Start importing Assets/Resources/ScriptableObjects/Cards/AdventureCards/Room1.asset using Guid(4d1ad12fea7775142be3ad3b30e7f49d) Importer(815301076,1909f56bfc062723c751e8b465ee728b)  -> (artifact id: '2f2e14d11e230ab02e8376cb634616d2') in 0.003882 seconds
  Import took 0.009951 seconds .

========================================================================
Received Import Request.
  Time since last request: 5.301087 seconds.
  path: Assets/Resources/ScriptableObjects/Cards/AdventureCards/Room5.asset
  artifactKey: Guid(9da5cae17533ff64fb137bb7d6c67aec) Importer(815301076,1909f56bfc062723c751e8b465ee728b)
Start importing Assets/Resources/ScriptableObjects/Cards/AdventureCards/Room5.asset using Guid(9da5cae17533ff64fb137bb7d6c67aec) Importer(815301076,1909f56bfc062723c751e8b465ee728b)  -> (artifact id: '7e01ac1ba897194370c21a7726357183') in 0.010845 seconds
  Import took 0.036332 seconds .

========================================================================
Received Import Request.
  Time since last request: 0.003073 seconds.
  path: Assets/Resources/ScriptableObjects/Cards/AdventureCards/Room5.asset
  artifactKey: Guid(9da5cae17533ff64fb137bb7d6c67aec) Importer(815301076,1909f56bfc062723c751e8b465ee728b)
Start importing Assets/Resources/ScriptableObjects/Cards/AdventureCards/Room5.asset using Guid(9da5cae17533ff64fb137bb7d6c67aec) Importer(815301076,1909f56bfc062723c751e8b465ee728b)  -> (artifact id: '7e01ac1ba897194370c21a7726357183') in 0.004546 seconds
  Import took 0.010314 seconds .

========================================================================
Received Import Request.
  Time since last request: 6.068548 seconds.
  path: Assets/Resources/ScriptableObjects/Cards/AdventureCards/Floor2.asset
  artifactKey: Guid(3bafc0be3ba982c4a9b7abfa42a280cf) Importer(815301076,1909f56bfc062723c751e8b465ee728b)
Start importing Assets/Resources/ScriptableObjects/Cards/AdventureCards/Floor2.asset using Guid(3bafc0be3ba982c4a9b7abfa42a280cf) Importer(815301076,1909f56bfc062723c751e8b465ee728b)  -> (artifact id: '28716b0b36dbb357d7ce569dd8f98c18') in 0.009941 seconds
  Import took 0.017137 seconds .

========================================================================
Received Import Request.
  Time since last request: 0.017691 seconds.
  path: Assets/Resources/ScriptableObjects/Cards/AdventureCards/Floor2.asset
  artifactKey: Guid(3bafc0be3ba982c4a9b7abfa42a280cf) Importer(815301076,1909f56bfc062723c751e8b465ee728b)
Start importing Assets/Resources/ScriptableObjects/Cards/AdventureCards/Floor2.asset using Guid(3bafc0be3ba982c4a9b7abfa42a280cf) Importer(815301076,1909f56bfc062723c751e8b465ee728b)  -> (artifact id: '28716b0b36dbb357d7ce569dd8f98c18') in 0.003448 seconds
  Import took 0.009320 seconds .

========================================================================
Received Import Request.
  Time since last request: 10.413877 seconds.
  path: Assets/Resources/ScriptableObjects/Cards/AdventureCards/MawServent1.asset
  artifactKey: Guid(5caef61fc134ff94ab058e9e114323cb) Importer(815301076,1909f56bfc062723c751e8b465ee728b)
Start importing Assets/Resources/ScriptableObjects/Cards/AdventureCards/MawServent1.asset using Guid(5caef61fc134ff94ab058e9e114323cb) Importer(815301076,1909f56bfc062723c751e8b465ee728b)  -> (artifact id: 'f9b36a22788d91becf77dbec8ccf5546') in 0.010462 seconds
  Import took 0.017221 seconds .

========================================================================
Received Import Request.
  Time since last request: 0.021221 seconds.
  path: Assets/Resources/ScriptableObjects/Cards/AdventureCards/MawServent1.asset
  artifactKey: Guid(5caef61fc134ff94ab058e9e114323cb) Importer(815301076,1909f56bfc062723c751e8b465ee728b)
Start importing Assets/Resources/ScriptableObjects/Cards/AdventureCards/MawServent1.asset using Guid(5caef61fc134ff94ab058e9e114323cb) Importer(815301076,1909f56bfc062723c751e8b465ee728b)  -> (artifact id: 'f9b36a22788d91becf77dbec8ccf5546') in 0.003811 seconds
  Import took 0.010300 seconds .

========================================================================
Received Import Request.
  Time since last request: 6.598320 seconds.
  path: Assets/Resources/ScriptableObjects/Cards/AdventureCards/MawServent2.asset
  artifactKey: Guid(996fc9e604f7b744a9cb042a8a38b71d) Importer(815301076,1909f56bfc062723c751e8b465ee728b)
Start importing Assets/Resources/ScriptableObjects/Cards/AdventureCards/MawServent2.asset using Guid(996fc9e604f7b744a9cb042a8a38b71d) Importer(815301076,1909f56bfc062723c751e8b465ee728b)  -> (artifact id: '9e73cea61f98d54e952ad371936aaece') in 0.011476 seconds
  Import took 0.017792 seconds .

========================================================================
Received Import Request.
  Time since last request: 0.019291 seconds.
  path: Assets/Resources/ScriptableObjects/Cards/AdventureCards/MawServent2.asset
  artifactKey: Guid(996fc9e604f7b744a9cb042a8a38b71d) Importer(815301076,1909f56bfc062723c751e8b465ee728b)
Start importing Assets/Resources/ScriptableObjects/Cards/AdventureCards/MawServent2.asset using Guid(996fc9e604f7b744a9cb042a8a38b71d) Importer(815301076,1909f56bfc062723c751e8b465ee728b)  -> (artifact id: '9e73cea61f98d54e952ad371936aaece') in 0.003898 seconds
  Import took 0.010406 seconds .

========================================================================
Received Import Request.
  Time since last request: 4.596131 seconds.
  path: Assets/Resources/ScriptableObjects/Cards/AdventureCards/MawServent2 1.asset
  artifactKey: Guid(8cc7d1196ce717e4baf6058fd80a276b) Importer(815301076,1909f56bfc062723c751e8b465ee728b)
Start importing Assets/Resources/ScriptableObjects/Cards/AdventureCards/MawServent2 1.asset using Guid(8cc7d1196ce717e4baf6058fd80a276b) Importer(815301076,1909f56bfc062723c751e8b465ee728b)  -> (artifact id: '7e1c8440f104c58c5a62ca7d4b587acf') in 0.010874 seconds
  Import took 0.017172 seconds .

========================================================================
Received Import Request.
  Time since last request: 0.020012 seconds.
  path: Assets/Resources/ScriptableObjects/Cards/AdventureCards/MawServent2 1.asset
  artifactKey: Guid(8cc7d1196ce717e4baf6058fd80a276b) Importer(815301076,1909f56bfc062723c751e8b465ee728b)
Start importing Assets/Resources/ScriptableObjects/Cards/AdventureCards/MawServent2 1.asset using Guid(8cc7d1196ce717e4baf6058fd80a276b) Importer(815301076,1909f56bfc062723c751e8b465ee728b)  -> (artifact id: '7e1c8440f104c58c5a62ca7d4b587acf') in 0.004075 seconds
  Import took 0.010069 seconds .

========================================================================
Received Import Request.
  Time since last request: 0.000260 seconds.
  path: Assets/Resources/ScriptableObjects/Cards/AdventureCards/TheDoorAtTheEndofThePitM 1.asset
  artifactKey: Guid(4492ca67903e8b44c86febc76aaa0bb8) Importer(815301076,1909f56bfc062723c751e8b465ee728b)
Start importing Assets/Resources/ScriptableObjects/Cards/AdventureCards/TheDoorAtTheEndofThePitM 1.asset using Guid(4492ca67903e8b44c86febc76aaa0bb8) Importer(815301076,1909f56bfc062723c751e8b465ee728b)  -> (artifact id: '0886d8038f5bde0e5f83eae56f4f1fb8') in 0.003962 seconds
  Import took 0.010035 seconds .

========================================================================
Received Import Request.
  Time since last request: 0.000291 seconds.
  path: Assets/Resources/ScriptableObjects/Cards/AdventureCards/TheDoorAtTheEndofThePitP.asset
  artifactKey: Guid(0bceb34bb0b0765439a78339a7c66b9c) Importer(815301076,1909f56bfc062723c751e8b465ee728b)
Start importing Assets/Resources/ScriptableObjects/Cards/AdventureCards/TheDoorAtTheEndofThePitP.asset using Guid(0bceb34bb0b0765439a78339a7c66b9c) Importer(815301076,1909f56bfc062723c751e8b465ee728b)  -> (artifact id: 'f0297d07a7fc512282563c46af3bac7a') in 0.004206 seconds
  Import took 0.010405 seconds .

========================================================================
Received Import Request.
  Time since last request: 4.550897 seconds.
  path: Assets/Resources/ScriptableObjects/Cards/AdventureCards/MawServent3.asset
  artifactKey: Guid(8cc7d1196ce717e4baf6058fd80a276b) Importer(815301076,1909f56bfc062723c751e8b465ee728b)
Start importing Assets/Resources/ScriptableObjects/Cards/AdventureCards/MawServent3.asset using Guid(8cc7d1196ce717e4baf6058fd80a276b) Importer(815301076,1909f56bfc062723c751e8b465ee728b)  -> (artifact id: '9b8ea41a6d8d4e517a93ca67efdf9393') in 0.010872 seconds
  Import took 0.019058 seconds .

========================================================================
Received Import Request.
  Time since last request: 0.023270 seconds.
  path: Assets/Resources/ScriptableObjects/Cards/AdventureCards/MawServent3.asset
  artifactKey: Guid(8cc7d1196ce717e4baf6058fd80a276b) Importer(815301076,1909f56bfc062723c751e8b465ee728b)
Start importing Assets/Resources/ScriptableObjects/Cards/AdventureCards/MawServent3.asset using Guid(8cc7d1196ce717e4baf6058fd80a276b) Importer(815301076,1909f56bfc062723c751e8b465ee728b)  -> (artifact id: '9b8ea41a6d8d4e517a93ca67efdf9393') in 0.003753 seconds
  Import took 0.009884 seconds .

========================================================================
Received Import Request.
  Time since last request: 10.402137 seconds.
  path: Assets/Resources/ScriptableObjects/Cards/AdventureCards/SideOfInn.asset
  artifactKey: Guid(baaac93d0dacfbf418fd77a64fe080be) Importer(815301076,1909f56bfc062723c751e8b465ee728b)
Start importing Assets/Resources/ScriptableObjects/Cards/AdventureCards/SideOfInn.asset using Guid(baaac93d0dacfbf418fd77a64fe080be) Importer(815301076,1909f56bfc062723c751e8b465ee728b)  -> (artifact id: '23587607c20157d317e7025e49d67dc8') in 0.009117 seconds
  Import took 0.015336 seconds .

========================================================================
Received Import Request.
  Time since last request: 0.021415 seconds.
  path: Assets/Resources/ScriptableObjects/Cards/AdventureCards/SideOfInn.asset
  artifactKey: Guid(baaac93d0dacfbf418fd77a64fe080be) Importer(815301076,1909f56bfc062723c751e8b465ee728b)
Start importing Assets/Resources/ScriptableObjects/Cards/AdventureCards/SideOfInn.asset using Guid(baaac93d0dacfbf418fd77a64fe080be) Importer(815301076,1909f56bfc062723c751e8b465ee728b)  -> (artifact id: '23587607c20157d317e7025e49d67dc8') in 0.003568 seconds
  Import took 0.009438 seconds .

========================================================================
Received Import Request.
  Time since last request: 10.128117 seconds.
  path: Assets/Resources/ScriptableObjects/Cards/AdventureCards/BackOfInn.asset
  artifactKey: Guid(7f18cc7f2aabd5a41a0982edb2082bd4) Importer(815301076,1909f56bfc062723c751e8b465ee728b)
Start importing Assets/Resources/ScriptableObjects/Cards/AdventureCards/BackOfInn.asset using Guid(7f18cc7f2aabd5a41a0982edb2082bd4) Importer(815301076,1909f56bfc062723c751e8b465ee728b)  -> (artifact id: 'b71c461a1f400f218816c510de3955a0') in 0.009438 seconds
  Import took 0.015401 seconds .

========================================================================
Received Import Request.
  Time since last request: 0.018190 seconds.
  path: Assets/Resources/ScriptableObjects/Cards/AdventureCards/BackOfInn.asset
  artifactKey: Guid(7f18cc7f2aabd5a41a0982edb2082bd4) Importer(815301076,1909f56bfc062723c751e8b465ee728b)
Start importing Assets/Resources/ScriptableObjects/Cards/AdventureCards/BackOfInn.asset using Guid(7f18cc7f2aabd5a41a0982edb2082bd4) Importer(815301076,1909f56bfc062723c751e8b465ee728b)  -> (artifact id: 'b71c461a1f400f218816c510de3955a0') in 0.003611 seconds
  Import took 0.009548 seconds .

========================================================================
Received Import Request.
  Time since last request: 14.634306 seconds.
  path: Assets/Resources/ScriptableObjects/Cards/AdventureCards/TheCorruption.asset
  artifactKey: Guid(b1723efc61a7c6a4f90de35401fa5d49) Importer(815301076,1909f56bfc062723c751e8b465ee728b)
Start importing Assets/Resources/ScriptableObjects/Cards/AdventureCards/TheCorruption.asset using Guid(b1723efc61a7c6a4f90de35401fa5d49) Importer(815301076,1909f56bfc062723c751e8b465ee728b)  -> (artifact id: 'd402c1984a2b4e03d71b4bbb290aef2a') in 0.012268 seconds
  Import took 0.021611 seconds .

========================================================================
Received Import Request.
  Time since last request: 0.027733 seconds.
  path: Assets/Resources/ScriptableObjects/Cards/AdventureCards/TheCorruption.asset
  artifactKey: Guid(b1723efc61a7c6a4f90de35401fa5d49) Importer(815301076,1909f56bfc062723c751e8b465ee728b)
Start importing Assets/Resources/ScriptableObjects/Cards/AdventureCards/TheCorruption.asset using Guid(b1723efc61a7c6a4f90de35401fa5d49) Importer(815301076,1909f56bfc062723c751e8b465ee728b)  -> (artifact id: 'd402c1984a2b4e03d71b4bbb290aef2a') in 0.004787 seconds
  Import took 0.011987 seconds .

========================================================================
Received Import Request.
  Time since last request: 11.515249 seconds.
  path: Assets/Resources/ScriptableObjects/Cards/AdventureCards/BeingFromTheMaw.asset
  artifactKey: Guid(60a3f4e30a9b07444852ed3ba15e80ef) Importer(815301076,1909f56bfc062723c751e8b465ee728b)
Start importing Assets/Resources/ScriptableObjects/Cards/AdventureCards/BeingFromTheMaw.asset using Guid(60a3f4e30a9b07444852ed3ba15e80ef) Importer(815301076,1909f56bfc062723c751e8b465ee728b)  -> (artifact id: '26eb3c8beab27f1722a2a6b8fcd7f82e') in 0.010819 seconds
  Import took 0.017627 seconds .

========================================================================
Received Import Request.
  Time since last request: 0.020212 seconds.
  path: Assets/Resources/ScriptableObjects/Cards/AdventureCards/BeingFromTheMaw.asset
  artifactKey: Guid(60a3f4e30a9b07444852ed3ba15e80ef) Importer(815301076,1909f56bfc062723c751e8b465ee728b)
Start importing Assets/Resources/ScriptableObjects/Cards/AdventureCards/BeingFromTheMaw.asset using Guid(60a3f4e30a9b07444852ed3ba15e80ef) Importer(815301076,1909f56bfc062723c751e8b465ee728b)  -> (artifact id: '26eb3c8beab27f1722a2a6b8fcd7f82e') in 0.003856 seconds
  Import took 0.010276 seconds .

========================================================================
Received Import Request.
  Time since last request: 10.772323 seconds.
  path: Assets/Resources/ScriptableObjects/Cards/AdventureCards/DesireOfTheMaw.asset
  artifactKey: Guid(bc6002007c401614a8f1d2b99a09fbca) Importer(815301076,1909f56bfc062723c751e8b465ee728b)
Start importing Assets/Resources/ScriptableObjects/Cards/AdventureCards/DesireOfTheMaw.asset using Guid(bc6002007c401614a8f1d2b99a09fbca) Importer(815301076,1909f56bfc062723c751e8b465ee728b)  -> (artifact id: 'b927fc484e870c1a8ab835ba45be8cb2') in 0.010707 seconds
  Import took 0.017608 seconds .

========================================================================
Received Import Request.
  Time since last request: 0.020134 seconds.
  path: Assets/Resources/ScriptableObjects/Cards/AdventureCards/DesireOfTheMaw.asset
  artifactKey: Guid(bc6002007c401614a8f1d2b99a09fbca) Importer(815301076,1909f56bfc062723c751e8b465ee728b)
Start importing Assets/Resources/ScriptableObjects/Cards/AdventureCards/DesireOfTheMaw.asset using Guid(bc6002007c401614a8f1d2b99a09fbca) Importer(815301076,1909f56bfc062723c751e8b465ee728b)  -> (artifact id: 'b927fc484e870c1a8ab835ba45be8cb2') in 0.003913 seconds
  Import took 0.010048 seconds .

========================================================================
Received Import Request.
  Time since last request: 10.443812 seconds.
  path: Assets/Resources/ScriptableObjects/Cards/AdventureCards/TemptationofTheMaw.asset
  artifactKey: Guid(48525f82963f64d408ebf777815bbe29) Importer(815301076,1909f56bfc062723c751e8b465ee728b)
Start importing Assets/Resources/ScriptableObjects/Cards/AdventureCards/TemptationofTheMaw.asset using Guid(48525f82963f64d408ebf777815bbe29) Importer(815301076,1909f56bfc062723c751e8b465ee728b)  -> (artifact id: '3d8031c95930abdaa476f89d322d8371') in 0.010454 seconds
  Import took 0.017336 seconds .

========================================================================
Received Import Request.
  Time since last request: 0.020852 seconds.
  path: Assets/Resources/ScriptableObjects/Cards/AdventureCards/TemptationofTheMaw.asset
  artifactKey: Guid(48525f82963f64d408ebf777815bbe29) Importer(815301076,1909f56bfc062723c751e8b465ee728b)
Start importing Assets/Resources/ScriptableObjects/Cards/AdventureCards/TemptationofTheMaw.asset using Guid(48525f82963f64d408ebf777815bbe29) Importer(815301076,1909f56bfc062723c751e8b465ee728b)  -> (artifact id: '3d8031c95930abdaa476f89d322d8371') in 0.003908 seconds
  Import took 0.010553 seconds .

========================================================================
Received Import Request.
  Time since last request: 11.183656 seconds.
  path: Assets/Resources/ScriptableObjects/Cards/AdventureCards/TemptationOfTheMaw 1.asset
  artifactKey: Guid(8d901637b48a99646ac0abc9ab88406f) Importer(815301076,1909f56bfc062723c751e8b465ee728b)
Start importing Assets/Resources/ScriptableObjects/Cards/AdventureCards/TemptationOfTheMaw 1.asset using Guid(8d901637b48a99646ac0abc9ab88406f) Importer(815301076,1909f56bfc062723c751e8b465ee728b)  -> (artifact id: '63ccf6f9ff884701c69f6c5ba362a415') in 0.011187 seconds
  Import took 0.017539 seconds .

========================================================================
Received Import Request.
  Time since last request: 0.024055 seconds.
  path: Assets/Resources/ScriptableObjects/Cards/AdventureCards/TemptationOfTheMaw 1.asset
  artifactKey: Guid(8d901637b48a99646ac0abc9ab88406f) Importer(815301076,1909f56bfc062723c751e8b465ee728b)
Start importing Assets/Resources/ScriptableObjects/Cards/AdventureCards/TemptationOfTheMaw 1.asset using Guid(8d901637b48a99646ac0abc9ab88406f) Importer(815301076,1909f56bfc062723c751e8b465ee728b)  -> (artifact id: '63ccf6f9ff884701c69f6c5ba362a415') in 0.004091 seconds
  Import took 0.010448 seconds .

========================================================================
Received Import Request.
  Time since last request: 9.641970 seconds.
  path: Assets/Resources/ScriptableObjects/Cards/AdventureCards/LoveOfTheMaw.asset
  artifactKey: Guid(7557d1e7b35b65b41a57a97c58f02618) Importer(815301076,1909f56bfc062723c751e8b465ee728b)
Start importing Assets/Resources/ScriptableObjects/Cards/AdventureCards/LoveOfTheMaw.asset using Guid(7557d1e7b35b65b41a57a97c58f02618) Importer(815301076,1909f56bfc062723c751e8b465ee728b)  -> (artifact id: '71494e847df176d60fa3dc924f6f0c08') in 0.010105 seconds
  Import took 0.016419 seconds .

========================================================================
Received Import Request.
  Time since last request: 0.019738 seconds.
  path: Assets/Resources/ScriptableObjects/Cards/AdventureCards/LoveOfTheMaw.asset
  artifactKey: Guid(7557d1e7b35b65b41a57a97c58f02618) Importer(815301076,1909f56bfc062723c751e8b465ee728b)
Start importing Assets/Resources/ScriptableObjects/Cards/AdventureCards/LoveOfTheMaw.asset using Guid(7557d1e7b35b65b41a57a97c58f02618) Importer(815301076,1909f56bfc062723c751e8b465ee728b)  -> (artifact id: '71494e847df176d60fa3dc924f6f0c08') in 0.004351 seconds
  Import took 0.011384 seconds .

