Using pre-set license
Built from '2020.3/staging' branch; Version is '2020.3.6f1 (338bb68529b2) revision 3378102'; Using compiler version '192528614'; Build Type 'Release'
OS: 'Windows 10 Home; OS build 22000.434; Version 2009; 64bit' Language: 'en' Physical Memory: 32715 MB
BatchMode: 1, IsHumanControllingUs: 0, StartBugReporterOnCrash: 0, Is64bit: 1, IsPro: 0

 COMMAND LINE ARGUMENTS:
C:\Program Files\Unity\Hub\Editor\2020.3.6f1\Editor\Unity.exe
-adb2
-batchMode
-noUpm
-name
AssetImportWorker0
-projectPath
D:/GGJ2022
-logFile
Logs/AssetImportWorker0.log
-srvPort
57318
Successfully changed project path to: D:/GGJ2022
D:/GGJ2022
Using Asset Import Pipeline V2.
Refreshing native plugins compatible for Editor in 116.40 ms, found 1 plugins.
Preloading 0 native plugins for Editor in 0.00 ms.
Initialize engine version: 2020.3.6f1 (338bb68529b2)
[Subsystems] Discovering subsystems at path C:/Program Files/Unity/Hub/Editor/2020.3.6f1/Editor/Data/Resources/UnitySubsystems
[Subsystems] Discovering subsystems at path D:/GGJ2022/Assets
GfxDevice: creating device client; threaded=0
Direct3D:
    Version:  Direct3D 11.0 [level 11.1]
    Renderer: NVIDIA GeForce GTX 1650 (ID=0x1f82)
    Vendor:   
    VRAM:     3962 MB
    Driver:   30.0.14.9676
Initialize mono
Mono path[0] = 'C:/Program Files/Unity/Hub/Editor/2020.3.6f1/Editor/Data/Managed'
Mono path[1] = 'C:/Program Files/Unity/Hub/Editor/2020.3.6f1/Editor/Data/MonoBleedingEdge/lib/mono/unityjit'
Mono config path = 'C:/Program Files/Unity/Hub/Editor/2020.3.6f1/Editor/Data/MonoBleedingEdge/etc'
Using monoOptions --debugger-agent=transport=dt_socket,embedding=1,server=y,suspend=n,address=127.0.0.1:56288
Begin MonoManager ReloadAssembly
Registering precompiled unity dll's ...
Register platform support module: C:/Program Files/Unity/Hub/Editor/2020.3.6f1/Editor/Data/PlaybackEngines/WindowsStandaloneSupport/UnityEditor.WindowsStandalone.Extensions.dll
Registered in 0.001697 seconds.
Native extension for WindowsStandalone target not found
Refreshing native plugins compatible for Editor in 78.98 ms, found 1 plugins.
Preloading 0 native plugins for Editor in 0.00 ms.
Mono: successfully reloaded assembly
- Completed reload, in  2.622 seconds
Platform modules already initialized, skipping
Registering precompiled user dll's ...
Registered in 0.004067 seconds.
Begin MonoManager ReloadAssembly
Native extension for WindowsStandalone target not found
Refreshing native plugins compatible for Editor in 75.10 ms, found 1 plugins.
Preloading 0 native plugins for Editor in 0.00 ms.
Refreshing native plugins compatible for Editor in 1.52 ms, found 1 plugins.
Mono: successfully reloaded assembly
- Completed reload, in  1.895 seconds
Platform modules already initialized, skipping
========================================================================
Worker process is ready to serve import requests
Shader 'Universal Render Pipeline/Particles/Lit': fallback shader 'Universal Render Pipeline/Particles/SimpleLit' not found
Shader 'Universal Render Pipeline/Particles/Lit': fallback shader 'Universal Render Pipeline/Particles/SimpleLit' not found
Launched and connected shader compiler UnityShaderCompiler.exe after 0.05 seconds
Refreshing native plugins compatible for Editor in 1.51 ms, found 1 plugins.
Preloading 0 native plugins for Editor in 0.00 ms.
Unloading 3462 Unused Serialized files (Serialized files now loaded: 0)
System memory in use before: 150.0 MB.
System memory in use after: 146.2 MB.

Unloading 158 unused Assets to reduce memory usage. Loaded Objects now: 3765.
Total: 6.027000 ms (FindLiveObjects: 0.417200 ms CreateObjectMapping: 0.111400 ms MarkObjects: 3.327200 ms  DeleteObjects: 2.169200 ms)

========================================================================
Received Import Request.
  path: Assets/Wwise/Tools
  artifactKey: Guid(5f64435efb0104649b5f71e5b13625aa) Importer(815301076,1909f56bfc062723c751e8b465ee728b)
Start importing Assets/Wwise/Tools using Guid(5f64435efb0104649b5f71e5b13625aa) Importer(815301076,1909f56bfc062723c751e8b465ee728b)  -> (artifact id: '081529617879aef2f8ea7bde5c544563') in 0.015437 seconds
  Import took 0.022140 seconds .

========================================================================
Received Import Request.
  Time since last request: 0.000236 seconds.
  path: Assets/Wwise/Gizmos/WwiseAudioSpeaker.png
  artifactKey: Guid(5722840d702c0204abd93b7ac3fe7a24) Importer(815301076,1909f56bfc062723c751e8b465ee728b)
Start importing Assets/Wwise/Gizmos/WwiseAudioSpeaker.png using Guid(5722840d702c0204abd93b7ac3fe7a24) Importer(815301076,1909f56bfc062723c751e8b465ee728b)  -> (artifact id: '5bbda1b198f70e7eb34b1c249e8bb9b9') in 0.112982 seconds
  Import took 0.118869 seconds .

========================================================================
Received Import Request.
  Time since last request: 0.000207 seconds.
  path: Assets/Wwise/Gizmos/wwise_white_on_gray.png
  artifactKey: Guid(79b4f8fd882f4874886ed6a2004e95d7) Importer(815301076,1909f56bfc062723c751e8b465ee728b)
Start importing Assets/Wwise/Gizmos/wwise_white_on_gray.png using Guid(79b4f8fd882f4874886ed6a2004e95d7) Importer(815301076,1909f56bfc062723c751e8b465ee728b)  -> (artifact id: 'a3dfec38a6e54d08f8916621701b62bf') in 0.015352 seconds
  Import took 0.021011 seconds .

========================================================================
Received Import Request.
  Time since last request: 0.000232 seconds.
  path: Assets/Wwise/ScriptableObjects/AkWwiseInitializationSettings.asset
  artifactKey: Guid(701340dcd42d2604f9d3f614ac55dfdb) Importer(815301076,1909f56bfc062723c751e8b465ee728b)
Start importing Assets/Wwise/ScriptableObjects/AkWwiseInitializationSettings.asset using Guid(701340dcd42d2604f9d3f614ac55dfdb) Importer(815301076,1909f56bfc062723c751e8b465ee728b)  -> (artifact id: '0e45e9f1494f225cbe12c32323460006') in 0.027829 seconds
  Import took 0.033478 seconds .

========================================================================
Received Import Request.
  Time since last request: 136.076803 seconds.
  path: Assets/Wwise/API
  artifactKey: Guid(d3fc9163608a7ac4fb1ce0435dc12388) Importer(815301076,1909f56bfc062723c751e8b465ee728b)
Start importing Assets/Wwise/API using Guid(d3fc9163608a7ac4fb1ce0435dc12388) Importer(815301076,1909f56bfc062723c751e8b465ee728b)  -> (artifact id: '54e3a303d3ee16e6f350d1552d5f6cc0') in 0.012140 seconds
  Import took 0.019549 seconds .

========================================================================
Received Import Request.
  Time since last request: 7.474892 seconds.
  path: Assets/Wwise/API/Runtime
  artifactKey: Guid(895986cebf4961943ae045975bbf2b1b) Importer(815301076,1909f56bfc062723c751e8b465ee728b)
Start importing Assets/Wwise/API/Runtime using Guid(895986cebf4961943ae045975bbf2b1b) Importer(815301076,1909f56bfc062723c751e8b465ee728b)  -> (artifact id: '9a4489ac3876799be793c8a2957d00c1') in 0.009072 seconds
  Import took 0.014576 seconds .

========================================================================
Received Import Request.
  Time since last request: 0.741766 seconds.
  path: Assets/Wwise/API/Runtime/Plugins
  artifactKey: Guid(acdec26411b703041b2351feb233145b) Importer(815301076,1909f56bfc062723c751e8b465ee728b)
Start importing Assets/Wwise/API/Runtime/Plugins using Guid(acdec26411b703041b2351feb233145b) Importer(815301076,1909f56bfc062723c751e8b465ee728b)  -> (artifact id: '5dfd995d07e2a64b4438f6e4f35cf95d') in 0.008862 seconds
  Import took 0.014494 seconds .

========================================================================
Received Import Request.
  Time since last request: 0.588847 seconds.
  path: Assets/Wwise/API/Runtime/Plugins/Windows
  artifactKey: Guid(5f7f08b718c3aa44f85fe13592733367) Importer(815301076,1909f56bfc062723c751e8b465ee728b)
Start importing Assets/Wwise/API/Runtime/Plugins/Windows using Guid(5f7f08b718c3aa44f85fe13592733367) Importer(815301076,1909f56bfc062723c751e8b465ee728b)  -> (artifact id: '036bca8d240385625c82826b449afffd') in 0.009530 seconds
  Import took 0.015429 seconds .

========================================================================
Received Import Request.
  Time since last request: 0.670741 seconds.
  path: Assets/Wwise/API/Runtime/Plugins/Windows/x86_64
  artifactKey: Guid(2128636a3842f154ba970994ab0df4b6) Importer(815301076,1909f56bfc062723c751e8b465ee728b)
Start importing Assets/Wwise/API/Runtime/Plugins/Windows/x86_64 using Guid(2128636a3842f154ba970994ab0df4b6) Importer(815301076,1909f56bfc062723c751e8b465ee728b)  -> (artifact id: '17e6c27cf9279d028d989f51345d5335') in 0.008816 seconds
  Import took 0.014400 seconds .

========================================================================
Received Import Request.
  Time since last request: 0.415045 seconds.
  path: Assets/Wwise/API/Runtime/Plugins/Windows/x86_64/Profile
  artifactKey: Guid(a73356b63095e8a4d90f901905362628) Importer(815301076,1909f56bfc062723c751e8b465ee728b)
Start importing Assets/Wwise/API/Runtime/Plugins/Windows/x86_64/Profile using Guid(a73356b63095e8a4d90f901905362628) Importer(815301076,1909f56bfc062723c751e8b465ee728b)  -> (artifact id: 'a2441228480a0c4731f69fd3183a8376') in 0.009130 seconds
  Import took 0.014700 seconds .

========================================================================
Received Import Request.
  Time since last request: 0.413362 seconds.
  path: Assets/Wwise/API/Runtime/Plugins/Windows/x86_64/Profile/AkSoundEngine.dll
  artifactKey: Guid(2b406262e6fc14147b042f134e1ad2fd) Importer(815301076,1909f56bfc062723c751e8b465ee728b)
Start importing Assets/Wwise/API/Runtime/Plugins/Windows/x86_64/Profile/AkSoundEngine.dll using Guid(2b406262e6fc14147b042f134e1ad2fd) Importer(815301076,1909f56bfc062723c751e8b465ee728b)  -> (artifact id: '2319dd9030a988baf849915d693c1c6a') in 0.013029 seconds
  Import took 0.063677 seconds .

========================================================================
Received Import Request.
  Time since last request: 16.673620 seconds.
  path: Assets/Wwise/API/Runtime/WwiseTypes/AK.Wwise.Unity.API.WwiseTypes.asmdef
  artifactKey: Guid(a8e1c1850ad530146a50a93ab7af634a) Importer(815301076,1909f56bfc062723c751e8b465ee728b)
Start importing Assets/Wwise/API/Runtime/WwiseTypes/AK.Wwise.Unity.API.WwiseTypes.asmdef using Guid(a8e1c1850ad530146a50a93ab7af634a) Importer(815301076,1909f56bfc062723c751e8b465ee728b)  -> (artifact id: '6a387d122942758dcc7d11598e783f2d') in 0.037914 seconds
  Import took 0.135016 seconds .

========================================================================
Received Import Request.
  Time since last request: 3.185205 seconds.
  path: Assets/Wwise/API/Runtime/WwiseTypes/AK.Wwise.Unity.API.WwiseTypes.asmdef
  artifactKey: Guid(a8e1c1850ad530146a50a93ab7af634a) Importer(815301076,1909f56bfc062723c751e8b465ee728b)
Start importing Assets/Wwise/API/Runtime/WwiseTypes/AK.Wwise.Unity.API.WwiseTypes.asmdef using Guid(a8e1c1850ad530146a50a93ab7af634a) Importer(815301076,1909f56bfc062723c751e8b465ee728b)  -> (artifact id: '6a387d122942758dcc7d11598e783f2d') in 0.003896 seconds
  Import took 0.011807 seconds .

========================================================================
Received Prepare
Registering precompiled user dll's ...
Registered in 0.001466 seconds.
Begin MonoManager ReloadAssembly
Native extension for WindowsStandalone target not found
Refreshing native plugins compatible for Editor in 0.64 ms, found 1 plugins.
Preloading 0 native plugins for Editor in 0.00 ms.
Mono: successfully reloaded assembly
- Completed reload, in  1.179 seconds
Platform modules already initialized, skipping
Switching build target platform(5) subTarget(0) extendedPlatform(0) -> platform(13) subTarget(537395200) extendedPlatform(0)
Shader 'Universal Render Pipeline/Particles/Lit': fallback shader 'Universal Render Pipeline/Particles/SimpleLit' not found
Shader 'Universal Render Pipeline/Particles/Lit': fallback shader 'Universal Render Pipeline/Particles/SimpleLit' not found
Refreshing native plugins compatible for Editor in 0.57 ms, found 1 plugins.
Preloading 0 native plugins for Editor in 0.00 ms.
Unloading 3034 Unused Serialized files (Serialized files now loaded: 0)
System memory in use before: 136.5 MB.
System memory in use after: 132.7 MB.

Unloading 284 unused Assets to reduce memory usage. Loaded Objects now: 3545.
Total: 4.796900 ms (FindLiveObjects: 0.411600 ms CreateObjectMapping: 0.090000 ms MarkObjects: 2.167500 ms  DeleteObjects: 2.125900 ms)

AssetImportParameters requested are different than current active one (requested -> active):
  custom:graphics/normal-map-encoding: 01000000000000000000000000000000 -> 02000000000000000000000000000000
========================================================================
Received Prepare
Registering precompiled user dll's ...
Registered in 0.001640 seconds.
Begin MonoManager ReloadAssembly
Native extension for WindowsStandalone target not found
Refreshing native plugins compatible for Editor in 0.65 ms, found 1 plugins.
Preloading 0 native plugins for Editor in 0.00 ms.
Mono: successfully reloaded assembly
- Completed reload, in  1.193 seconds
Platform modules already initialized, skipping
Switching build target platform(5) subTarget(0) extendedPlatform(0) -> platform(13) subTarget(537395200) extendedPlatform(0)
Shader 'Universal Render Pipeline/Particles/Lit': fallback shader 'Universal Render Pipeline/Particles/SimpleLit' not found
Shader 'Universal Render Pipeline/Particles/Lit': fallback shader 'Universal Render Pipeline/Particles/SimpleLit' not found
Refreshing native plugins compatible for Editor in 0.61 ms, found 1 plugins.
Preloading 0 native plugins for Editor in 0.00 ms.
Unloading 3034 Unused Serialized files (Serialized files now loaded: 0)
System memory in use before: 134.2 MB.
System memory in use after: 130.5 MB.

Unloading 58 unused Assets to reduce memory usage. Loaded Objects now: 3548.
Total: 4.800900 ms (FindLiveObjects: 0.338700 ms CreateObjectMapping: 0.087400 ms MarkObjects: 2.241600 ms  DeleteObjects: 2.131800 ms)

AssetImportParameters requested are different than current active one (requested -> active):
  custom:graphics/normal-map-encoding: 01000000000000000000000000000000 -> 02000000000000000000000000000000
========================================================================
Received Prepare
Registering precompiled user dll's ...
Registered in 0.001374 seconds.
Begin MonoManager ReloadAssembly
Native extension for WindowsStandalone target not found
Refreshing native plugins compatible for Editor in 0.56 ms, found 1 plugins.
Preloading 0 native plugins for Editor in 0.00 ms.
Mono: successfully reloaded assembly
- Completed reload, in  1.247 seconds
Platform modules already initialized, skipping
Switching build target platform(5) subTarget(0) extendedPlatform(0) -> platform(13) subTarget(537395200) extendedPlatform(0)
Shader 'Universal Render Pipeline/Particles/Lit': fallback shader 'Universal Render Pipeline/Particles/SimpleLit' not found
Shader 'Universal Render Pipeline/Particles/Lit': fallback shader 'Universal Render Pipeline/Particles/SimpleLit' not found
Refreshing native plugins compatible for Editor in 0.90 ms, found 1 plugins.
Preloading 0 native plugins for Editor in 0.00 ms.
Unloading 3033 Unused Serialized files (Serialized files now loaded: 0)
System memory in use before: 134.3 MB.
System memory in use after: 130.6 MB.

Unloading 57 unused Assets to reduce memory usage. Loaded Objects now: 3551.
Total: 4.968500 ms (FindLiveObjects: 0.374900 ms CreateObjectMapping: 0.094000 ms MarkObjects: 2.372900 ms  DeleteObjects: 2.125400 ms)

AssetImportParameters requested are different than current active one (requested -> active):
  custom:graphics/normal-map-encoding: 01000000000000000000000000000000 -> 02000000000000000000000000000000
========================================================================
Received Import Request.
  Time since last request: 90.979385 seconds.
  path: Assets/Wwise/API/Runtime/Plugins/Windows/x86_64/Profile/AkSoundEngine.pdb
  artifactKey: Guid(d61b406b1bac0a34995bb38bfe27b962) Importer(815301076,1909f56bfc062723c751e8b465ee728b)
Start importing Assets/Wwise/API/Runtime/Plugins/Windows/x86_64/Profile/AkSoundEngine.pdb using Guid(d61b406b1bac0a34995bb38bfe27b962) Importer(815301076,1909f56bfc062723c751e8b465ee728b)  -> (artifact id: '19aec8e25f4e450a7a7112f1fe5a8f17') in 0.025923 seconds
  Import took 0.031426 seconds .

========================================================================
Received Import Request.
  Time since last request: 408.161998 seconds.
  path: Assets/Scenes
  artifactKey: Guid(b560a8c378bdb5a45aecc08fbedb7471) Importer(815301076,1909f56bfc062723c751e8b465ee728b)
Start importing Assets/Scenes using Guid(b560a8c378bdb5a45aecc08fbedb7471) Importer(815301076,1909f56bfc062723c751e8b465ee728b)  -> (artifact id: '899a54fa14a44d117de257d86bdfe6cb') in 0.008695 seconds
  Import took 0.014295 seconds .

========================================================================
Received Import Request.
  Time since last request: 0.411889 seconds.
  path: Assets/Scenes/SampleScene.unity
  artifactKey: Guid(d1c3109bdb54ad54c8a2b2838528e640) Importer(815301076,1909f56bfc062723c751e8b465ee728b)
Start importing Assets/Scenes/SampleScene.unity using Guid(d1c3109bdb54ad54c8a2b2838528e640) Importer(815301076,1909f56bfc062723c751e8b465ee728b)  -> (artifact id: '8acf1769d6d9880d50a955e8d3e2e2f5') in 0.008910 seconds
  Import took 0.014337 seconds .

========================================================================
Received Import Request.
  Time since last request: 15.933986 seconds.
  path: Assets/Scenes/HeartnBody.unity
  artifactKey: Guid(d1c3109bdb54ad54c8a2b2838528e640) Importer(815301076,1909f56bfc062723c751e8b465ee728b)
Start importing Assets/Scenes/HeartnBody.unity using Guid(d1c3109bdb54ad54c8a2b2838528e640) Importer(815301076,1909f56bfc062723c751e8b465ee728b)  -> (artifact id: '3e7c8daa8eabd39e58b1142e801bb8c8') in 0.009233 seconds
  Import took 0.014670 seconds .

========================================================================
Received Import Request.
  Time since last request: 11.433742 seconds.
  path: Assets/Resources/Mad_King.mp3
  artifactKey: Guid(5922a639465c22b41a2904b04b63b14c) Importer(815301076,1909f56bfc062723c751e8b465ee728b)
Start importing Assets/Resources/Mad_King.mp3 using Guid(5922a639465c22b41a2904b04b63b14c) Importer(815301076,1909f56bfc062723c751e8b465ee728b)  -> (artifact id: '874ed30a44a67e29612fe258c593f4e7') in 0.131941 seconds
  Import took 0.138818 seconds .

========================================================================
Received Prepare
Registering precompiled user dll's ...
Registered in 0.001711 seconds.
Begin MonoManager ReloadAssembly
Native extension for WindowsStandalone target not found
Refreshing native plugins compatible for Editor in 0.65 ms, found 1 plugins.
Preloading 0 native plugins for Editor in 0.00 ms.
Mono: successfully reloaded assembly
- Completed reload, in  1.304 seconds
Platform modules already initialized, skipping
Switching build target platform(5) subTarget(0) extendedPlatform(0) -> platform(13) subTarget(537395200) extendedPlatform(0)
Shader 'Universal Render Pipeline/Particles/Lit': fallback shader 'Universal Render Pipeline/Particles/SimpleLit' not found
Shader 'Universal Render Pipeline/Particles/Lit': fallback shader 'Universal Render Pipeline/Particles/SimpleLit' not found
Refreshing native plugins compatible for Editor in 0.55 ms, found 1 plugins.
Preloading 0 native plugins for Editor in 0.00 ms.
Unloading 3033 Unused Serialized files (Serialized files now loaded: 0)
System memory in use before: 137.3 MB.
System memory in use after: 133.6 MB.

Unloading 57 unused Assets to reduce memory usage. Loaded Objects now: 3563.
Total: 4.624000 ms (FindLiveObjects: 0.346100 ms CreateObjectMapping: 0.083700 ms MarkObjects: 2.294500 ms  DeleteObjects: 1.898200 ms)

AssetImportParameters requested are different than current active one (requested -> active):
  custom:graphics/normal-map-encoding: 01000000000000000000000000000000 -> 02000000000000000000000000000000
========================================================================
Received Prepare
Shader 'Universal Render Pipeline/Particles/Lit': fallback shader 'Universal Render Pipeline/Particles/SimpleLit' not found
Shader 'Universal Render Pipeline/Particles/Lit': fallback shader 'Universal Render Pipeline/Particles/SimpleLit' not found
Refreshing native plugins compatible for Editor in 1.62 ms, found 1 plugins.
Preloading 0 native plugins for Editor in 0.00 ms.
Unloading 54 Unused Serialized files (Serialized files now loaded: 0)
System memory in use before: 78.7 MB.
System memory in use after: 74.9 MB.

Unloading 54 unused Assets to reduce memory usage. Loaded Objects now: 3563.
Total: 4.773000 ms (FindLiveObjects: 0.360900 ms CreateObjectMapping: 0.085500 ms MarkObjects: 2.278800 ms  DeleteObjects: 2.046300 ms)

========================================================================
Received Prepare
Registering precompiled user dll's ...
Registered in 0.001317 seconds.
Begin MonoManager ReloadAssembly
Native extension for WindowsStandalone target not found
Refreshing native plugins compatible for Editor in 0.63 ms, found 1 plugins.
Preloading 0 native plugins for Editor in 0.00 ms.
Mono: successfully reloaded assembly
- Completed reload, in  1.210 seconds
Platform modules already initialized, skipping
Switching build target platform(5) subTarget(0) extendedPlatform(0) -> platform(13) subTarget(537395200) extendedPlatform(0)
Shader 'Universal Render Pipeline/Particles/Lit': fallback shader 'Universal Render Pipeline/Particles/SimpleLit' not found
Shader 'Universal Render Pipeline/Particles/Lit': fallback shader 'Universal Render Pipeline/Particles/SimpleLit' not found
Refreshing native plugins compatible for Editor in 0.69 ms, found 1 plugins.
Preloading 0 native plugins for Editor in 0.00 ms.
Unloading 3033 Unused Serialized files (Serialized files now loaded: 0)
System memory in use before: 137.3 MB.
System memory in use after: 133.6 MB.

Unloading 57 unused Assets to reduce memory usage. Loaded Objects now: 3566.
Total: 5.685600 ms (FindLiveObjects: 0.422900 ms CreateObjectMapping: 0.100600 ms MarkObjects: 2.757800 ms  DeleteObjects: 2.402600 ms)

AssetImportParameters requested are different than current active one (requested -> active):
  custom:graphics/normal-map-encoding: 01000000000000000000000000000000 -> 02000000000000000000000000000000
========================================================================
Received Import Request.
  Time since last request: 345.749529 seconds.
  path: Assets/NewAudioMixer.mixer
  artifactKey: Guid(ee5b3359f7ac55046b107ede8022b1e5) Importer(815301076,1909f56bfc062723c751e8b465ee728b)
Start importing Assets/NewAudioMixer.mixer using Guid(ee5b3359f7ac55046b107ede8022b1e5) Importer(815301076,1909f56bfc062723c751e8b465ee728b)  -> (artifact id: 'b61800f490f231e83a87f9777ab11dff') in 0.029795 seconds
  Import took 0.036132 seconds .

========================================================================
Received Prepare
Registering precompiled user dll's ...
Registered in 0.002130 seconds.
Begin MonoManager ReloadAssembly
Native extension for WindowsStandalone target not found
Refreshing native plugins compatible for Editor in 0.55 ms, found 1 plugins.
Preloading 0 native plugins for Editor in 0.00 ms.
Mono: successfully reloaded assembly
- Completed reload, in  1.181 seconds
Platform modules already initialized, skipping
Switching build target platform(5) subTarget(0) extendedPlatform(0) -> platform(13) subTarget(537395200) extendedPlatform(0)
Shader 'Universal Render Pipeline/Particles/Lit': fallback shader 'Universal Render Pipeline/Particles/SimpleLit' not found
Shader 'Universal Render Pipeline/Particles/Lit': fallback shader 'Universal Render Pipeline/Particles/SimpleLit' not found
Refreshing native plugins compatible for Editor in 0.60 ms, found 1 plugins.
Preloading 0 native plugins for Editor in 0.00 ms.
Unloading 3033 Unused Serialized files (Serialized files now loaded: 0)
System memory in use before: 137.3 MB.
System memory in use after: 133.6 MB.

Unloading 57 unused Assets to reduce memory usage. Loaded Objects now: 3569.
Total: 5.088200 ms (FindLiveObjects: 0.392300 ms CreateObjectMapping: 0.088800 ms MarkObjects: 2.394600 ms  DeleteObjects: 2.210800 ms)

AssetImportParameters requested are different than current active one (requested -> active):
  custom:graphics/normal-map-encoding: 01000000000000000000000000000000 -> 02000000000000000000000000000000
AssetImportWorkerClient::OnTransportError - code=2 error=End of file
